{"/Users/janswist/Developer/pristine/frontend/prizm/src/App.vue": {"path":"/Users/janswist/Developer/pristine/frontend/prizm/src/App.vue","statementMap":{"0":{"start":{"line":32,"column":0},"end":{"line":null,"column":-1}},"1":{"start":{"line":39,"column":0},"end":{"line":null,"column":-1}},"2":{"start":{"line":43,"column":0},"end":{"line":null,"column":-1}},"3":{"start":{"line":52,"column":0},"end":{"line":null,"column":-1}},"4":{"start":{"line":53,"column":0},"end":{"line":54,"column":0}},"5":{"start":{"line":54,"column":0},"end":{"line":null,"column":-1}}},"fnMap":{"0":{"name":"isAuthenticated","decl":{"start":{"line":38,"column":0},"end":{"line":null,"column":-1}},"loc":{"start":{"line":38,"column":0},"end":{"line":40,"column":0}}},"1":{"name":"data","decl":{"start":{"line":42,"column":0},"end":{"line":null,"column":-1}},"loc":{"start":{"line":42,"column":0},"end":{"line":50,"column":0}}},"2":{"name":"logout","decl":{"start":{"line":52,"column":0},"end":{"line":null,"column":-1}},"loc":{"start":{"line":52,"column":0},"end":{"line":55,"column":0}}},"3":{"name":"(anonymous_5)","decl":{"start":{"line":53,"column":0},"end":{"line":null,"column":-1}},"loc":{"start":{"line":53,"column":0},"end":{"line":54,"column":0}}}},"branchMap":{},"s":{"0":0,"1":0,"2":0,"3":0,"4":0,"5":0},"f":{"0":0,"1":0,"2":0,"3":0},"b":{}}
,"/Users/janswist/Developer/pristine/frontend/prizm/src/helpers.js": {"data":{"path":"/Users/janswist/Developer/pristine/frontend/prizm/src/helpers.js","statementMap":{"0":{"start":{"line":1,"column":13},"end":{"line":1,"column":40}},"1":{"start":{"line":3,"column":23},"end":{"line":3,"column":26}},"2":{"start":{"line":4,"column":18},"end":{"line":4,"column":25}},"3":{"start":{"line":8,"column":4},"end":{"line":8,"column":50}},"4":{"start":{"line":11,"column":16},"end":{"line":11,"column":39}},"5":{"start":{"line":12,"column":20},"end":{"line":12,"column":47}},"6":{"start":{"line":13,"column":15},"end":{"line":13,"column":33}},"7":{"start":{"line":14,"column":27},"end":{"line":14,"column":53}},"8":{"start":{"line":15,"column":4},"end":{"line":15,"column":27}},"9":{"start":{"line":18,"column":4},"end":{"line":20,"column":5}},"10":{"start":{"line":19,"column":6},"end":{"line":19,"column":62}},"11":{"start":{"line":22,"column":4},"end":{"line":22,"column":41}},"12":{"start":{"line":23,"column":16},"end":{"line":23,"column":39}},"13":{"start":{"line":24,"column":4},"end":{"line":24,"column":35}},"14":{"start":{"line":26,"column":24},"end":{"line":26,"column":51}},"15":{"start":{"line":27,"column":4},"end":{"line":27,"column":38}},"16":{"start":{"line":30,"column":4},"end":{"line":32,"column":5}},"17":{"start":{"line":31,"column":6},"end":{"line":31,"column":12}},"18":{"start":{"line":34,"column":4},"end":{"line":36,"column":5}},"19":{"start":{"line":35,"column":6},"end":{"line":35,"column":17}},"20":{"start":{"line":38,"column":19},"end":{"line":38,"column":43}},"21":{"start":{"line":39,"column":15},"end":{"line":39,"column":39}},"22":{"start":{"line":41,"column":4},"end":{"line":45,"column":5}},"23":{"start":{"line":42,"column":6},"end":{"line":42,"column":17}},"24":{"start":{"line":44,"column":6},"end":{"line":44,"column":67}}},"fnMap":{"0":{"name":"(anonymous_0)","decl":{"start":{"line":7,"column":11},"end":{"line":7,"column":12}},"loc":{"start":{"line":7,"column":48},"end":{"line":9,"column":3}},"line":7},"1":{"name":"(anonymous_1)","decl":{"start":{"line":10,"column":13},"end":{"line":10,"column":14}},"loc":{"start":{"line":10,"column":32},"end":{"line":16,"column":3}},"line":10},"2":{"name":"(anonymous_2)","decl":{"start":{"line":17,"column":13},"end":{"line":17,"column":14}},"loc":{"start":{"line":17,"column":32},"end":{"line":28,"column":3}},"line":17},"3":{"name":"(anonymous_3)","decl":{"start":{"line":29,"column":13},"end":{"line":29,"column":14}},"loc":{"start":{"line":29,"column":43},"end":{"line":46,"column":3}},"line":29}},"branchMap":{"0":{"loc":{"start":{"line":7,"column":30},"end":{"line":7,"column":46}},"type":"default-arg","locations":[{"start":{"line":7,"column":39},"end":{"line":7,"column":46}}],"line":7},"1":{"loc":{"start":{"line":18,"column":4},"end":{"line":20,"column":5}},"type":"if","locations":[{"start":{"line":18,"column":4},"end":{"line":20,"column":5}},{"start":{"line":18,"column":4},"end":{"line":20,"column":5}}],"line":18},"2":{"loc":{"start":{"line":29,"column":32},"end":{"line":29,"column":41}},"type":"default-arg","locations":[{"start":{"line":29,"column":39},"end":{"line":29,"column":41}}],"line":29},"3":{"loc":{"start":{"line":30,"column":4},"end":{"line":32,"column":5}},"type":"if","locations":[{"start":{"line":30,"column":4},"end":{"line":32,"column":5}},{"start":{"line":30,"column":4},"end":{"line":32,"column":5}}],"line":30},"4":{"loc":{"start":{"line":34,"column":4},"end":{"line":36,"column":5}},"type":"if","locations":[{"start":{"line":34,"column":4},"end":{"line":36,"column":5}},{"start":{"line":34,"column":4},"end":{"line":36,"column":5}}],"line":34},"5":{"loc":{"start":{"line":41,"column":4},"end":{"line":45,"column":5}},"type":"if","locations":[{"start":{"line":41,"column":4},"end":{"line":45,"column":5}},{"start":{"line":41,"column":4},"end":{"line":45,"column":5}}],"line":41}},"s":{"0":1,"1":1,"2":1,"3":0,"4":0,"5":0,"6":0,"7":0,"8":0,"9":0,"10":0,"11":0,"12":0,"13":0,"14":0,"15":0,"16":0,"17":0,"18":0,"19":0,"20":0,"21":0,"22":0,"23":0,"24":0},"f":{"0":0,"1":0,"2":0,"3":0},"b":{"0":[0],"1":[0,0],"2":[0],"3":[0,0],"4":[0,0],"5":[0,0]},"_coverageSchema":"332fd63041d2c1bcb487cc26dd0d5f7d97098a6c","hash":"9b00ee7d808ba9a69eda3f03537280febd71c00b"}}
,"/Users/janswist/Developer/pristine/frontend/prizm/src/validation.js": {"data":{"path":"/Users/janswist/Developer/pristine/frontend/prizm/src/validation.js","statementMap":{"0":{"start":{"line":3,"column":4},"end":{"line":3,"column":29}},"1":{"start":{"line":5,"column":4},"end":{"line":58,"column":5}},"2":{"start":{"line":8,"column":8},"end":{"line":8,"column":37}},"3":{"start":{"line":9,"column":8},"end":{"line":9,"column":14}},"4":{"start":{"line":11,"column":8},"end":{"line":11,"column":37}},"5":{"start":{"line":12,"column":8},"end":{"line":12,"column":14}},"6":{"start":{"line":14,"column":8},"end":{"line":14,"column":37}},"7":{"start":{"line":15,"column":8},"end":{"line":15,"column":14}},"8":{"start":{"line":17,"column":8},"end":{"line":17,"column":37}},"9":{"start":{"line":18,"column":8},"end":{"line":18,"column":14}},"10":{"start":{"line":20,"column":8},"end":{"line":20,"column":81}},"11":{"start":{"line":21,"column":8},"end":{"line":21,"column":14}},"12":{"start":{"line":23,"column":8},"end":{"line":23,"column":37}},"13":{"start":{"line":24,"column":8},"end":{"line":24,"column":14}},"14":{"start":{"line":27,"column":8},"end":{"line":27,"column":37}},"15":{"start":{"line":28,"column":8},"end":{"line":28,"column":14}},"16":{"start":{"line":30,"column":8},"end":{"line":30,"column":37}},"17":{"start":{"line":31,"column":8},"end":{"line":31,"column":14}},"18":{"start":{"line":33,"column":8},"end":{"line":33,"column":37}},"19":{"start":{"line":34,"column":8},"end":{"line":34,"column":14}},"20":{"start":{"line":37,"column":8},"end":{"line":37,"column":38}},"21":{"start":{"line":38,"column":8},"end":{"line":38,"column":14}},"22":{"start":{"line":40,"column":8},"end":{"line":40,"column":37}},"23":{"start":{"line":41,"column":8},"end":{"line":41,"column":14}},"24":{"start":{"line":43,"column":8},"end":{"line":43,"column":38}},"25":{"start":{"line":44,"column":8},"end":{"line":44,"column":14}},"26":{"start":{"line":47,"column":8},"end":{"line":47,"column":37}},"27":{"start":{"line":48,"column":8},"end":{"line":48,"column":14}},"28":{"start":{"line":50,"column":8},"end":{"line":50,"column":37}},"29":{"start":{"line":51,"column":8},"end":{"line":51,"column":14}},"30":{"start":{"line":53,"column":8},"end":{"line":53,"column":37}},"31":{"start":{"line":54,"column":8},"end":{"line":54,"column":14}},"32":{"start":{"line":56,"column":8},"end":{"line":56,"column":37}},"33":{"start":{"line":57,"column":8},"end":{"line":57,"column":14}},"34":{"start":{"line":61,"column":4},"end":{"line":61,"column":96}},"35":{"start":{"line":64,"column":4},"end":{"line":64,"column":82}},"36":{"start":{"line":67,"column":4},"end":{"line":67,"column":95}},"37":{"start":{"line":70,"column":16},"end":{"line":70,"column":136}},"38":{"start":{"line":71,"column":4},"end":{"line":71,"column":81}},"39":{"start":{"line":74,"column":16},"end":{"line":74,"column":29}},"40":{"start":{"line":75,"column":22},"end":{"line":75,"column":57}},"41":{"start":{"line":76,"column":23},"end":{"line":76,"column":75}},"42":{"start":{"line":77,"column":4},"end":{"line":78,"column":73}},"43":{"start":{"line":81,"column":20},"end":{"line":81,"column":25}},"44":{"start":{"line":82,"column":4},"end":{"line":86,"column":6}},"45":{"start":{"line":83,"column":6},"end":{"line":85,"column":7}},"46":{"start":{"line":84,"column":8},"end":{"line":84,"column":24}},"47":{"start":{"line":87,"column":4},"end":{"line":87,"column":66}},"48":{"start":{"line":90,"column":16},"end":{"line":90,"column":35}},"49":{"start":{"line":92,"column":4},"end":{"line":103,"column":5}},"50":{"start":{"line":95,"column":6},"end":{"line":95,"column":33}},"51":{"start":{"line":96,"column":11},"end":{"line":103,"column":5}},"52":{"start":{"line":97,"column":6},"end":{"line":97,"column":46}},"53":{"start":{"line":98,"column":6},"end":{"line":98,"column":41}},"54":{"start":{"line":99,"column":6},"end":{"line":99,"column":34}},"55":{"start":{"line":101,"column":6},"end":{"line":101,"column":59}},"56":{"start":{"line":102,"column":6},"end":{"line":102,"column":64}},"57":{"start":{"line":104,"column":4},"end":{"line":104,"column":16}},"58":{"start":{"line":107,"column":4},"end":{"line":107,"column":24}},"59":{"start":{"line":108,"column":16},"end":{"line":108,"column":35}},"60":{"start":{"line":109,"column":4},"end":{"line":109,"column":61}},"61":{"start":{"line":110,"column":4},"end":{"line":110,"column":34}},"62":{"start":{"line":111,"column":4},"end":{"line":116,"column":5}},"63":{"start":{"line":112,"column":6},"end":{"line":112,"column":34}},"64":{"start":{"line":113,"column":11},"end":{"line":116,"column":5}},"65":{"start":{"line":115,"column":6},"end":{"line":115,"column":36}}},"fnMap":{"0":{"name":"(anonymous_0)","decl":{"start":{"line":2,"column":17},"end":{"line":2,"column":18}},"loc":{"start":{"line":2,"column":34},"end":{"line":59,"column":3}},"line":2},"1":{"name":"(anonymous_1)","decl":{"start":{"line":60,"column":20},"end":{"line":60,"column":21}},"loc":{"start":{"line":60,"column":48},"end":{"line":62,"column":3}},"line":60},"2":{"name":"(anonymous_2)","decl":{"start":{"line":63,"column":11},"end":{"line":63,"column":12}},"loc":{"start":{"line":63,"column":28},"end":{"line":65,"column":3}},"line":63},"3":{"name":"(anonymous_3)","decl":{"start":{"line":66,"column":12},"end":{"line":66,"column":13}},"loc":{"start":{"line":66,"column":29},"end":{"line":68,"column":3}},"line":66},"4":{"name":"(anonymous_4)","decl":{"start":{"line":69,"column":16},"end":{"line":69,"column":17}},"loc":{"start":{"line":69,"column":33},"end":{"line":72,"column":3}},"line":69},"5":{"name":"(anonymous_5)","decl":{"start":{"line":73,"column":26},"end":{"line":73,"column":27}},"loc":{"start":{"line":73,"column":43},"end":{"line":79,"column":3}},"line":73},"6":{"name":"(anonymous_6)","decl":{"start":{"line":80,"column":13},"end":{"line":80,"column":14}},"loc":{"start":{"line":80,"column":30},"end":{"line":88,"column":3}},"line":80},"7":{"name":"(anonymous_7)","decl":{"start":{"line":82,"column":28},"end":{"line":82,"column":29}},"loc":{"start":{"line":82,"column":38},"end":{"line":86,"column":5}},"line":82},"8":{"name":"(anonymous_8)","decl":{"start":{"line":89,"column":13},"end":{"line":89,"column":14}},"loc":{"start":{"line":89,"column":39},"end":{"line":105,"column":3}},"line":89},"9":{"name":"(anonymous_9)","decl":{"start":{"line":106,"column":15},"end":{"line":106,"column":16}},"loc":{"start":{"line":106,"column":32},"end":{"line":117,"column":3}},"line":106}},"branchMap":{"0":{"loc":{"start":{"line":5,"column":4},"end":{"line":58,"column":5}},"type":"switch","locations":[{"start":{"line":7,"column":6},"end":{"line":9,"column":14}},{"start":{"line":10,"column":6},"end":{"line":12,"column":14}},{"start":{"line":13,"column":6},"end":{"line":15,"column":14}},{"start":{"line":16,"column":6},"end":{"line":18,"column":14}},{"start":{"line":19,"column":6},"end":{"line":21,"column":14}},{"start":{"line":22,"column":6},"end":{"line":24,"column":14}},{"start":{"line":26,"column":6},"end":{"line":28,"column":14}},{"start":{"line":29,"column":6},"end":{"line":31,"column":14}},{"start":{"line":32,"column":6},"end":{"line":34,"column":14}},{"start":{"line":35,"column":6},"end":{"line":38,"column":14}},{"start":{"line":39,"column":6},"end":{"line":41,"column":14}},{"start":{"line":42,"column":6},"end":{"line":44,"column":14}},{"start":{"line":46,"column":6},"end":{"line":48,"column":14}},{"start":{"line":49,"column":6},"end":{"line":51,"column":14}},{"start":{"line":52,"column":6},"end":{"line":54,"column":14}},{"start":{"line":55,"column":6},"end":{"line":57,"column":14}}],"line":5},"1":{"loc":{"start":{"line":20,"column":15},"end":{"line":20,"column":81}},"type":"binary-expr","locations":[{"start":{"line":20,"column":15},"end":{"line":20,"column":41}},{"start":{"line":20,"column":45},"end":{"line":20,"column":81}}],"line":20},"2":{"loc":{"start":{"line":61,"column":11},"end":{"line":61,"column":96}},"type":"cond-expr","locations":[{"start":{"line":61,"column":33},"end":{"line":61,"column":37}},{"start":{"line":61,"column":40},"end":{"line":61,"column":96}}],"line":61},"3":{"loc":{"start":{"line":64,"column":11},"end":{"line":64,"column":82}},"type":"binary-expr","locations":[{"start":{"line":64,"column":11},"end":{"line":64,"column":51}},{"start":{"line":64,"column":55},"end":{"line":64,"column":82}}],"line":64},"4":{"loc":{"start":{"line":67,"column":11},"end":{"line":67,"column":94}},"type":"binary-expr","locations":[{"start":{"line":67,"column":11},"end":{"line":67,"column":42}},{"start":{"line":67,"column":46},"end":{"line":67,"column":94}}],"line":67},"5":{"loc":{"start":{"line":71,"column":11},"end":{"line":71,"column":80}},"type":"binary-expr","locations":[{"start":{"line":71,"column":11},"end":{"line":71,"column":36}},{"start":{"line":71,"column":40},"end":{"line":71,"column":80}}],"line":71},"6":{"loc":{"start":{"line":77,"column":11},"end":{"line":78,"column":73}},"type":"binary-expr","locations":[{"start":{"line":77,"column":12},"end":{"line":77,"column":54}},{"start":{"line":78,"column":15},"end":{"line":78,"column":73}}],"line":77},"7":{"loc":{"start":{"line":83,"column":6},"end":{"line":85,"column":7}},"type":"if","locations":[{"start":{"line":83,"column":6},"end":{"line":85,"column":7}},{"start":{"line":83,"column":6},"end":{"line":85,"column":7}}],"line":83},"8":{"loc":{"start":{"line":87,"column":11},"end":{"line":87,"column":66}},"type":"binary-expr","locations":[{"start":{"line":87,"column":11},"end":{"line":87,"column":20}},{"start":{"line":87,"column":24},"end":{"line":87,"column":66}}],"line":87},"9":{"loc":{"start":{"line":92,"column":4},"end":{"line":103,"column":5}},"type":"if","locations":[{"start":{"line":92,"column":4},"end":{"line":103,"column":5}},{"start":{"line":92,"column":4},"end":{"line":103,"column":5}}],"line":92},"10":{"loc":{"start":{"line":92,"column":7},"end":{"line":94,"column":31}},"type":"binary-expr","locations":[{"start":{"line":92,"column":7},"end":{"line":92,"column":31}},{"start":{"line":93,"column":9},"end":{"line":93,"column":39}},{"start":{"line":94,"column":9},"end":{"line":94,"column":31}}],"line":92},"11":{"loc":{"start":{"line":96,"column":11},"end":{"line":103,"column":5}},"type":"if","locations":[{"start":{"line":96,"column":11},"end":{"line":103,"column":5}},{"start":{"line":96,"column":11},"end":{"line":103,"column":5}}],"line":96},"12":{"loc":{"start":{"line":111,"column":4},"end":{"line":116,"column":5}},"type":"if","locations":[{"start":{"line":111,"column":4},"end":{"line":116,"column":5}},{"start":{"line":111,"column":4},"end":{"line":116,"column":5}}],"line":111},"13":{"loc":{"start":{"line":113,"column":11},"end":{"line":116,"column":5}},"type":"if","locations":[{"start":{"line":113,"column":11},"end":{"line":116,"column":5}},{"start":{"line":113,"column":11},"end":{"line":116,"column":5}}],"line":113},"14":{"loc":{"start":{"line":113,"column":15},"end":{"line":114,"column":47}},"type":"binary-expr","locations":[{"start":{"line":113,"column":15},"end":{"line":113,"column":39}},{"start":{"line":114,"column":17},"end":{"line":114,"column":47}}],"line":113}},"s":{"0":0,"1":0,"2":0,"3":0,"4":0,"5":0,"6":0,"7":0,"8":0,"9":0,"10":0,"11":0,"12":0,"13":0,"14":0,"15":0,"16":0,"17":0,"18":0,"19":0,"20":0,"21":0,"22":0,"23":0,"24":0,"25":0,"26":0,"27":0,"28":0,"29":0,"30":0,"31":0,"32":0,"33":0,"34":0,"35":0,"36":0,"37":0,"38":0,"39":0,"40":0,"41":0,"42":0,"43":0,"44":0,"45":0,"46":0,"47":0,"48":0,"49":0,"50":0,"51":0,"52":0,"53":0,"54":0,"55":0,"56":0,"57":0,"58":0,"59":0,"60":0,"61":0,"62":0,"63":0,"64":0,"65":0},"f":{"0":0,"1":0,"2":0,"3":0,"4":0,"5":0,"6":0,"7":0,"8":0,"9":0},"b":{"0":[0,0,0,0,0,0,0,0,0,0,0,0,0,0,0,0],"1":[0,0],"2":[0,0],"3":[0,0],"4":[0,0],"5":[0,0],"6":[0,0],"7":[0,0],"8":[0,0],"9":[0,0],"10":[0,0,0],"11":[0,0],"12":[0,0],"13":[0,0],"14":[0,0]},"_coverageSchema":"332fd63041d2c1bcb487cc26dd0d5f7d97098a6c","hash":"f1dd95ae7366b103b4b0798759712cab98462425"}}
,"/Users/janswist/Developer/pristine/frontend/prizm/src/components/JobBuilderAboutJob.vue": {"path":"/Users/janswist/Developer/pristine/frontend/prizm/src/components/JobBuilderAboutJob.vue","statementMap":{"0":{"start":{"line":92,"column":0},"end":{"line":null,"column":-1}},"1":{"start":{"line":93,"column":0},"end":{"line":null,"column":-1}},"2":{"start":{"line":94,"column":0},"end":{"line":null,"column":-1}},"3":{"start":{"line":95,"column":0},"end":{"line":null,"column":-1}},"4":{"start":{"line":124,"column":0},"end":{"line":null,"column":-1}},"5":{"start":{"line":143,"column":0},"end":{"line":null,"column":-1}},"6":{"start":{"line":147,"column":0},"end":{"line":null,"column":-1}},"7":{"start":{"line":148,"column":0},"end":{"line":151,"column":0}},"8":{"start":{"line":149,"column":0},"end":{"line":null,"column":-1}},"9":{"start":{"line":157,"column":0},"end":{"line":null,"column":-1}},"10":{"start":{"line":163,"column":0},"end":{"line":null,"column":-1}},"11":{"start":{"line":167,"column":0},"end":{"line":null,"column":-1}},"12":{"start":{"line":168,"column":0},"end":{"line":null,"column":-1}},"13":{"start":{"line":169,"column":0},"end":{"line":null,"column":-1}},"14":{"start":{"line":170,"column":0},"end":{"line":null,"column":-1}},"15":{"start":{"line":174,"column":0},"end":{"line":null,"column":-1}},"16":{"start":{"line":175,"column":0},"end":{"line":null,"column":-1}},"17":{"start":{"line":176,"column":0},"end":{"line":182,"column":0}},"18":{"start":{"line":177,"column":0},"end":{"line":181,"column":0}},"19":{"start":{"line":179,"column":0},"end":{"line":null,"column":-1}},"20":{"start":{"line":180,"column":0},"end":{"line":null,"column":-1}},"21":{"start":{"line":183,"column":0},"end":{"line":null,"column":-1}},"22":{"start":{"line":187,"column":0},"end":{"line":196,"column":0}},"23":{"start":{"line":189,"column":0},"end":{"line":null,"column":-1}},"24":{"start":{"line":195,"column":0},"end":{"line":null,"column":-1}},"25":{"start":{"line":199,"column":0},"end":{"line":null,"column":-1}},"26":{"start":{"line":200,"column":0},"end":{"line":213,"column":0}},"27":{"start":{"line":202,"column":0},"end":{"line":null,"column":-1}},"28":{"start":{"line":208,"column":0},"end":{"line":212,"column":0}},"29":{"start":{"line":210,"column":0},"end":{"line":null,"column":-1}},"30":{"start":{"line":211,"column":0},"end":{"line":null,"column":-1}},"31":{"start":{"line":212,"column":0},"end":{"line":null,"column":-1}}},"fnMap":{"0":{"name":"data","decl":{"start":{"line":123,"column":0},"end":{"line":null,"column":-1}},"loc":{"start":{"line":123,"column":0},"end":{"line":139,"column":0}}},"1":{"name":"keywords","decl":{"start":{"line":142,"column":0},"end":{"line":null,"column":-1}},"loc":{"start":{"line":142,"column":0},"end":{"line":145,"column":0}}},"2":{"name":"jobToEdit","decl":{"start":{"line":147,"column":0},"end":{"line":null,"column":-1}},"loc":{"start":{"line":147,"column":0},"end":{"line":152,"column":0}}},"3":{"name":"(anonymous_5)","decl":{"start":{"line":148,"column":0},"end":{"line":null,"column":-1}},"loc":{"start":{"line":148,"column":0},"end":{"line":151,"column":0}}},"4":{"name":"isAuthenticated","decl":{"start":{"line":156,"column":0},"end":{"line":null,"column":-1}},"loc":{"start":{"line":156,"column":0},"end":{"line":158,"column":0}}},"5":{"name":"keywordsChange","decl":{"start":{"line":162,"column":0},"end":{"line":null,"column":-1}},"loc":{"start":{"line":162,"column":0},"end":{"line":164,"column":0}}},"6":{"name":"changeCurrency","decl":{"start":{"line":166,"column":0},"end":{"line":null,"column":-1}},"loc":{"start":{"line":166,"column":0},"end":{"line":171,"column":0}}},"7":{"name":"validateForm","decl":{"start":{"line":173,"column":0},"end":{"line":null,"column":-1}},"loc":{"start":{"line":173,"column":0},"end":{"line":184,"column":0}}},"8":{"name":"(anonymous_10)","decl":{"start":{"line":176,"column":0},"end":{"line":null,"column":-1}},"loc":{"start":{"line":176,"column":0},"end":{"line":182,"column":0}}},"9":{"name":"emitJobToParent","decl":{"start":{"line":186,"column":0},"end":{"line":null,"column":-1}},"loc":{"start":{"line":186,"column":0},"end":{"line":197,"column":0}}},"10":{"name":"updateJob","decl":{"start":{"line":199,"column":0},"end":{"line":null,"column":-1}},"loc":{"start":{"line":199,"column":0},"end":{"line":214,"column":0}}},"11":{"name":"(anonymous_13)","decl":{"start":{"line":208,"column":0},"end":{"line":null,"column":-1}},"loc":{"start":{"line":208,"column":0},"end":{"line":210,"column":0}}},"12":{"name":"(anonymous_14)","decl":{"start":{"line":210,"column":0},"end":{"line":null,"column":-1}},"loc":{"start":{"line":210,"column":0},"end":{"line":211,"column":0}}},"13":{"name":"(anonymous_15)","decl":{"start":{"line":211,"column":0},"end":{"line":null,"column":-1}},"loc":{"start":{"line":211,"column":0},"end":{"line":212,"column":0}}}},"branchMap":{"0":{"loc":{"start":{"line":143,"column":0},"end":{"line":null,"column":-1}},"type":"if","locations":[{"start":{"line":143,"column":0},"end":{"line":null,"column":-1}},{"start":{"line":143,"column":0},"end":{"line":null,"column":-1}}]},"1":{"loc":{"start":{"line":149,"column":0},"end":{"line":null,"column":-1}},"type":"if","locations":[{"start":{"line":149,"column":0},"end":{"line":null,"column":-1}},{"start":{"line":149,"column":0},"end":{"line":null,"column":-1}}]},"2":{"loc":{"start":{"line":169,"column":0},"end":{"line":null,"column":-1}},"type":"if","locations":[{"start":{"line":169,"column":0},"end":{"line":null,"column":-1}},{"start":{"line":169,"column":0},"end":{"line":null,"column":-1}}]},"3":{"loc":{"start":{"line":177,"column":0},"end":{"line":181,"column":0}},"type":"if","locations":[{"start":{"line":177,"column":0},"end":{"line":181,"column":0}},{"start":{"line":177,"column":0},"end":{"line":181,"column":0}}]},"4":{"loc":{"start":{"line":177,"column":0},"end":{"line":null,"column":-1}},"type":"binary-expr","locations":[{"start":{"line":177,"column":0},"end":{"line":null,"column":-1}},{"start":{"line":177,"column":0},"end":{"line":null,"column":-1}}]},"5":{"loc":{"start":{"line":187,"column":0},"end":{"line":196,"column":0}},"type":"if","locations":[{"start":{"line":187,"column":0},"end":{"line":196,"column":0}},{"start":{"line":187,"column":0},"end":{"line":196,"column":0}}]},"6":{"loc":{"start":{"line":200,"column":0},"end":{"line":213,"column":0}},"type":"if","locations":[{"start":{"line":200,"column":0},"end":{"line":213,"column":0}},{"start":{"line":200,"column":0},"end":{"line":213,"column":0}}]}},"s":{"0":1,"1":1,"2":1,"3":1,"4":0,"5":0,"6":0,"7":0,"8":0,"9":0,"10":0,"11":0,"12":0,"13":0,"14":0,"15":0,"16":0,"17":0,"18":0,"19":0,"20":0,"21":0,"22":0,"23":0,"24":0,"25":0,"26":0,"27":0,"28":0,"29":0,"30":0,"31":0},"f":{"0":0,"1":0,"2":0,"3":0,"4":0,"5":0,"6":0,"7":0,"8":0,"9":0,"10":0,"11":0,"12":0,"13":0},"b":{"0":[0,0],"1":[0,0],"2":[0,0],"3":[0,0],"4":[0,0],"5":[0,0],"6":[0,0]}}
,"/Users/janswist/Developer/pristine/frontend/prizm/src/components/JobBuilderAboutProject.vue": {"path":"/Users/janswist/Developer/pristine/frontend/prizm/src/components/JobBuilderAboutProject.vue","statementMap":{"0":{"start":{"line":121,"column":0},"end":{"line":null,"column":-1}},"1":{"start":{"line":122,"column":0},"end":{"line":null,"column":-1}},"2":{"start":{"line":127,"column":0},"end":{"line":null,"column":-1}},"3":{"start":{"line":128,"column":0},"end":{"line":null,"column":-1}},"4":{"start":{"line":132,"column":0},"end":{"line":null,"column":-1}},"5":{"start":{"line":137,"column":0},"end":{"line":139,"column":0}},"6":{"start":{"line":138,"column":0},"end":{"line":null,"column":-1}},"7":{"start":{"line":152,"column":0},"end":{"line":null,"column":-1}},"8":{"start":{"line":185,"column":0},"end":{"line":null,"column":-1}},"9":{"start":{"line":186,"column":0},"end":{"line":null,"column":-1}},"10":{"start":{"line":192,"column":0},"end":{"line":null,"column":-1}},"11":{"start":{"line":198,"column":0},"end":{"line":null,"column":-1}},"12":{"start":{"line":201,"column":0},"end":{"line":211,"column":0}},"13":{"start":{"line":202,"column":0},"end":{"line":null,"column":-1}},"14":{"start":{"line":203,"column":0},"end":{"line":null,"column":-1}},"15":{"start":{"line":204,"column":0},"end":{"line":null,"column":-1}},"16":{"start":{"line":205,"column":0},"end":{"line":null,"column":-1}},"17":{"start":{"line":206,"column":0},"end":{"line":null,"column":-1}},"18":{"start":{"line":207,"column":0},"end":{"line":null,"column":-1}},"19":{"start":{"line":208,"column":0},"end":{"line":null,"column":-1}},"20":{"start":{"line":209,"column":0},"end":{"line":null,"column":-1}},"21":{"start":{"line":210,"column":0},"end":{"line":null,"column":-1}},"22":{"start":{"line":214,"column":0},"end":{"line":null,"column":-1}},"23":{"start":{"line":217,"column":0},"end":{"line":null,"column":-1}},"24":{"start":{"line":220,"column":0},"end":{"line":null,"column":-1}},"25":{"start":{"line":223,"column":0},"end":{"line":null,"column":-1}},"26":{"start":{"line":226,"column":0},"end":{"line":null,"column":-1}},"27":{"start":{"line":229,"column":0},"end":{"line":null,"column":-1}},"28":{"start":{"line":232,"column":0},"end":{"line":null,"column":-1}},"29":{"start":{"line":235,"column":0},"end":{"line":null,"column":-1}},"30":{"start":{"line":238,"column":0},"end":{"line":null,"column":-1}},"31":{"start":{"line":241,"column":0},"end":{"line":null,"column":-1}},"32":{"start":{"line":244,"column":0},"end":{"line":null,"column":-1}},"33":{"start":{"line":247,"column":0},"end":{"line":null,"column":-1}},"34":{"start":{"line":252,"column":0},"end":{"line":null,"column":-1}},"35":{"start":{"line":253,"column":0},"end":{"line":258,"column":0}},"36":{"start":{"line":254,"column":0},"end":{"line":257,"column":0}},"37":{"start":{"line":256,"column":0},"end":{"line":null,"column":-1}},"38":{"start":{"line":257,"column":0},"end":{"line":null,"column":-1}},"39":{"start":{"line":262,"column":0},"end":{"line":282,"column":0}},"40":{"start":{"line":263,"column":0},"end":{"line":null,"column":-1}},"41":{"start":{"line":286,"column":0},"end":{"line":null,"column":-1}},"42":{"start":{"line":288,"column":0},"end":{"line":294,"column":0}},"43":{"start":{"line":290,"column":0},"end":{"line":293,"column":0}},"44":{"start":{"line":291,"column":0},"end":{"line":null,"column":-1}},"45":{"start":{"line":292,"column":0},"end":{"line":null,"column":-1}},"46":{"start":{"line":296,"column":0},"end":{"line":null,"column":-1}},"47":{"start":{"line":299,"column":0},"end":{"line":null,"column":-1}},"48":{"start":{"line":300,"column":0},"end":{"line":null,"column":-1}},"49":{"start":{"line":313,"column":0},"end":{"line":317,"column":0}},"50":{"start":{"line":314,"column":0},"end":{"line":null,"column":-1}},"51":{"start":{"line":315,"column":0},"end":{"line":null,"column":-1}},"52":{"start":{"line":316,"column":0},"end":{"line":null,"column":-1}},"53":{"start":{"line":319,"column":0},"end":{"line":323,"column":0}},"54":{"start":{"line":321,"column":0},"end":{"line":null,"column":-1}},"55":{"start":{"line":322,"column":0},"end":{"line":null,"column":-1}},"56":{"start":{"line":323,"column":0},"end":{"line":null,"column":-1}},"57":{"start":{"line":327,"column":0},"end":{"line":333,"column":0}},"58":{"start":{"line":328,"column":0},"end":{"line":332,"column":0}},"59":{"start":{"line":329,"column":0},"end":{"line":null,"column":-1}},"60":{"start":{"line":331,"column":0},"end":{"line":null,"column":-1}},"61":{"start":{"line":336,"column":0},"end":{"line":null,"column":-1}},"62":{"start":{"line":337,"column":0},"end":{"line":345,"column":0}},"63":{"start":{"line":338,"column":0},"end":{"line":null,"column":-1}},"64":{"start":{"line":346,"column":0},"end":{"line":null,"column":-1}},"65":{"start":{"line":347,"column":0},"end":{"line":null,"column":-1}},"66":{"start":{"line":348,"column":0},"end":{"line":null,"column":-1}}},"fnMap":{"0":{"name":"mounted","decl":{"start":{"line":136,"column":0},"end":{"line":null,"column":-1}},"loc":{"start":{"line":136,"column":0},"end":{"line":140,"column":0}}},"1":{"name":"data","decl":{"start":{"line":151,"column":0},"end":{"line":null,"column":-1}},"loc":{"start":{"line":151,"column":0},"end":{"line":182,"column":0}}},"2":{"name":"mounted","decl":{"start":{"line":184,"column":0},"end":{"line":null,"column":-1}},"loc":{"start":{"line":184,"column":0},"end":{"line":187,"column":0}}},"3":{"name":"tagIcon","decl":{"start":{"line":190,"column":0},"end":{"line":null,"column":-1}},"loc":{"start":{"line":190,"column":0},"end":{"line":193,"column":0}}},"4":{"name":"companyId","decl":{"start":{"line":197,"column":0},"end":{"line":null,"column":-1}},"loc":{"start":{"line":197,"column":0},"end":{"line":199,"column":0}}},"5":{"name":"selectedProjectIndex","decl":{"start":{"line":200,"column":0},"end":{"line":null,"column":-1}},"loc":{"start":{"line":200,"column":0},"end":{"line":212,"column":0}}},"6":{"name":"name","decl":{"start":{"line":213,"column":0},"end":{"line":null,"column":-1}},"loc":{"start":{"line":213,"column":0},"end":{"line":215,"column":0}}},"7":{"name":"description","decl":{"start":{"line":216,"column":0},"end":{"line":null,"column":-1}},"loc":{"start":{"line":216,"column":0},"end":{"line":218,"column":0}}},"8":{"name":"staff","decl":{"start":{"line":219,"column":0},"end":{"line":null,"column":-1}},"loc":{"start":{"line":219,"column":0},"end":{"line":221,"column":0}}},"9":{"name":"stage","decl":{"start":{"line":222,"column":0},"end":{"line":null,"column":-1}},"loc":{"start":{"line":222,"column":0},"end":{"line":224,"column":0}}},"10":{"name":"stack","decl":{"start":{"line":225,"column":0},"end":{"line":null,"column":-1}},"loc":{"start":{"line":225,"column":0},"end":{"line":227,"column":0}}},"11":{"name":"breakdown","decl":{"start":{"line":228,"column":0},"end":{"line":null,"column":-1}},"loc":{"start":{"line":228,"column":0},"end":{"line":230,"column":0}}},"12":{"name":"methodology","decl":{"start":{"line":231,"column":0},"end":{"line":null,"column":-1}},"loc":{"start":{"line":231,"column":0},"end":{"line":233,"column":0}}},"13":{"name":"breakdownNewFeatures","decl":{"start":{"line":234,"column":0},"end":{"line":null,"column":-1}},"loc":{"start":{"line":234,"column":0},"end":{"line":236,"column":0}}},"14":{"name":"breakdownMaintenance","decl":{"start":{"line":237,"column":0},"end":{"line":null,"column":-1}},"loc":{"start":{"line":237,"column":0},"end":{"line":239,"column":0}}},"15":{"name":"breakdownSupport","decl":{"start":{"line":240,"column":0},"end":{"line":null,"column":-1}},"loc":{"start":{"line":240,"column":0},"end":{"line":242,"column":0}}},"16":{"name":"breakdownDocumentation","decl":{"start":{"line":243,"column":0},"end":{"line":null,"column":-1}},"loc":{"start":{"line":243,"column":0},"end":{"line":245,"column":0}}},"17":{"name":"breakdownMeetings","decl":{"start":{"line":246,"column":0},"end":{"line":null,"column":-1}},"loc":{"start":{"line":246,"column":0},"end":{"line":248,"column":0}}},"18":{"name":"fetchAllProjects","decl":{"start":{"line":252,"column":0},"end":{"line":null,"column":-1}},"loc":{"start":{"line":252,"column":0},"end":{"line":259,"column":0}}},"19":{"name":"(anonymous_21)","decl":{"start":{"line":254,"column":0},"end":{"line":null,"column":-1}},"loc":{"start":{"line":254,"column":0},"end":{"line":256,"column":0}}},"20":{"name":"(anonymous_22)","decl":{"start":{"line":256,"column":0},"end":{"line":null,"column":-1}},"loc":{"start":{"line":256,"column":0},"end":{"line":257,"column":0}}},"21":{"name":"updateChart","decl":{"start":{"line":261,"column":0},"end":{"line":null,"column":-1}},"loc":{"start":{"line":261,"column":0},"end":{"line":283,"column":0}}},"22":{"name":"validateForm","decl":{"start":{"line":285,"column":0},"end":{"line":null,"column":-1}},"loc":{"start":{"line":285,"column":0},"end":{"line":297,"column":0}}},"23":{"name":"(anonymous_25)","decl":{"start":{"line":288,"column":0},"end":{"line":null,"column":-1}},"loc":{"start":{"line":288,"column":0},"end":{"line":294,"column":0}}},"24":{"name":"saveProject","decl":{"start":{"line":299,"column":0},"end":{"line":null,"column":-1}},"loc":{"start":{"line":299,"column":0},"end":{"line":324,"column":0}}},"25":{"name":"handler","decl":{"start":{"line":313,"column":0},"end":{"line":null,"column":-1}},"loc":{"start":{"line":313,"column":0},"end":{"line":317,"column":0}}},"26":{"name":"(anonymous_28)","decl":{"start":{"line":319,"column":0},"end":{"line":null,"column":-1}},"loc":{"start":{"line":319,"column":0},"end":{"line":321,"column":0}}},"27":{"name":"(anonymous_29)","decl":{"start":{"line":321,"column":0},"end":{"line":null,"column":-1}},"loc":{"start":{"line":321,"column":0},"end":{"line":322,"column":0}}},"28":{"name":"(anonymous_30)","decl":{"start":{"line":322,"column":0},"end":{"line":null,"column":-1}},"loc":{"start":{"line":322,"column":0},"end":{"line":323,"column":0}}},"29":{"name":"emitProjectToParent","decl":{"start":{"line":326,"column":0},"end":{"line":null,"column":-1}},"loc":{"start":{"line":326,"column":0},"end":{"line":334,"column":0}}},"30":{"name":"matchWithExistingProjects","decl":{"start":{"line":336,"column":0},"end":{"line":null,"column":-1}},"loc":{"start":{"line":336,"column":0},"end":{"line":349,"column":0}}},"31":{"name":"hasSameDataAsInputs","decl":{"start":{"line":337,"column":0},"end":{"line":null,"column":-1}},"loc":{"start":{"line":337,"column":0},"end":{"line":345,"column":0}}},"32":{"name":"(anonymous_34)","decl":{"start":{"line":346,"column":0},"end":{"line":null,"column":-1}},"loc":{"start":{"line":346,"column":0},"end":{"line":null,"column":-1}}}},"branchMap":{"0":{"loc":{"start":{"line":137,"column":0},"end":{"line":139,"column":0}},"type":"if","locations":[{"start":{"line":137,"column":0},"end":{"line":139,"column":0}},{"start":{"line":137,"column":0},"end":{"line":139,"column":0}}]},"1":{"loc":{"start":{"line":201,"column":0},"end":{"line":211,"column":0}},"type":"if","locations":[{"start":{"line":201,"column":0},"end":{"line":211,"column":0}},{"start":{"line":201,"column":0},"end":{"line":211,"column":0}}]},"2":{"loc":{"start":{"line":252,"column":0},"end":{"line":null,"column":-1}},"type":"cond-expr","locations":[{"start":{"line":252,"column":0},"end":{"line":null,"column":-1}},{"start":{"line":252,"column":0},"end":{"line":null,"column":-1}}]},"3":{"loc":{"start":{"line":253,"column":0},"end":{"line":258,"column":0}},"type":"if","locations":[{"start":{"line":253,"column":0},"end":{"line":258,"column":0}},{"start":{"line":253,"column":0},"end":{"line":258,"column":0}}]},"4":{"loc":{"start":{"line":262,"column":0},"end":{"line":282,"column":0}},"type":"if","locations":[{"start":{"line":262,"column":0},"end":{"line":282,"column":0}},{"start":{"line":262,"column":0},"end":{"line":282,"column":0}}]},"5":{"loc":{"start":{"line":290,"column":0},"end":{"line":293,"column":0}},"type":"if","locations":[{"start":{"line":290,"column":0},"end":{"line":293,"column":0}},{"start":{"line":290,"column":0},"end":{"line":293,"column":0}}]},"6":{"loc":{"start":{"line":327,"column":0},"end":{"line":333,"column":0}},"type":"if","locations":[{"start":{"line":327,"column":0},"end":{"line":333,"column":0}},{"start":{"line":327,"column":0},"end":{"line":333,"column":0}}]},"7":{"loc":{"start":{"line":328,"column":0},"end":{"line":332,"column":0}},"type":"if","locations":[{"start":{"line":328,"column":0},"end":{"line":332,"column":0}},{"start":{"line":328,"column":0},"end":{"line":332,"column":0}}]},"8":{"loc":{"start":{"line":338,"column":0},"end":{"line":null,"column":-1}},"type":"binary-expr","locations":[{"start":{"line":338,"column":0},"end":{"line":null,"column":-1}},{"start":{"line":338,"column":0},"end":{"line":null,"column":-1}},{"start":{"line":338,"column":0},"end":{"line":null,"column":-1}},{"start":{"line":338,"column":0},"end":{"line":null,"column":-1}},{"start":{"line":338,"column":0},"end":{"line":null,"column":-1}},{"start":{"line":338,"column":0},"end":{"line":null,"column":-1}},{"start":{"line":338,"column":0},"end":{"line":null,"column":-1}}]},"9":{"loc":{"start":{"line":347,"column":0},"end":{"line":null,"column":-1}},"type":"cond-expr","locations":[{"start":{"line":347,"column":0},"end":{"line":null,"column":-1}},{"start":{"line":347,"column":0},"end":{"line":null,"column":-1}}]},"10":{"loc":{"start":{"line":348,"column":0},"end":{"line":null,"column":-1}},"type":"cond-expr","locations":[{"start":{"line":348,"column":0},"end":{"line":null,"column":-1}},{"start":{"line":348,"column":0},"end":{"line":null,"column":-1}}]}},"s":{"0":0,"1":0,"2":0,"3":0,"4":0,"5":0,"6":0,"7":0,"8":0,"9":0,"10":0,"11":0,"12":0,"13":0,"14":0,"15":0,"16":0,"17":0,"18":0,"19":0,"20":0,"21":0,"22":0,"23":0,"24":0,"25":0,"26":0,"27":0,"28":0,"29":0,"30":0,"31":0,"32":0,"33":0,"34":0,"35":0,"36":0,"37":0,"38":0,"39":0,"40":0,"41":0,"42":0,"43":0,"44":0,"45":0,"46":0,"47":0,"48":0,"49":0,"50":0,"51":0,"52":0,"53":0,"54":0,"55":0,"56":0,"57":0,"58":0,"59":0,"60":0,"61":0,"62":0,"63":0,"64":0,"65":0,"66":0},"f":{"0":0,"1":0,"2":0,"3":0,"4":0,"5":0,"6":0,"7":0,"8":0,"9":0,"10":0,"11":0,"12":0,"13":0,"14":0,"15":0,"16":0,"17":0,"18":0,"19":0,"20":0,"21":0,"22":0,"23":0,"24":0,"25":0,"26":0,"27":0,"28":0,"29":0,"30":0,"31":0,"32":0},"b":{"0":[0,0],"1":[0,0],"2":[0,0],"3":[0,0],"4":[0,0],"5":[0,0],"6":[0,0],"7":[0,0],"8":[0,0,0,0,0,0,0],"9":[0,0],"10":[0,0]}}
,"/Users/janswist/Developer/pristine/frontend/prizm/src/components/JobBuilderCompanyProfile.vue": {"path":"/Users/janswist/Developer/pristine/frontend/prizm/src/components/JobBuilderCompanyProfile.vue","statementMap":{"0":{"start":{"line":68,"column":0},"end":{"line":null,"column":-1}},"1":{"start":{"line":72,"column":0},"end":{"line":null,"column":-1}},"2":{"start":{"line":86,"column":0},"end":{"line":null,"column":-1}},"3":{"start":{"line":92,"column":0},"end":{"line":97,"column":0}},"4":{"start":{"line":93,"column":0},"end":{"line":null,"column":-1}},"5":{"start":{"line":94,"column":0},"end":{"line":null,"column":-1}},"6":{"start":{"line":95,"column":0},"end":{"line":null,"column":-1}},"7":{"start":{"line":96,"column":0},"end":{"line":null,"column":-1}},"8":{"start":{"line":100,"column":0},"end":{"line":null,"column":-1}},"9":{"start":{"line":103,"column":0},"end":{"line":null,"column":-1}},"10":{"start":{"line":108,"column":0},"end":{"line":null,"column":-1}},"11":{"start":{"line":109,"column":0},"end":{"line":null,"column":-1}},"12":{"start":{"line":110,"column":0},"end":{"line":116,"column":0}},"13":{"start":{"line":112,"column":0},"end":{"line":null,"column":-1}},"14":{"start":{"line":113,"column":0},"end":{"line":null,"column":-1}},"15":{"start":{"line":115,"column":0},"end":{"line":null,"column":-1}},"16":{"start":{"line":118,"column":0},"end":{"line":126,"column":0}},"17":{"start":{"line":119,"column":0},"end":{"line":null,"column":-1}},"18":{"start":{"line":121,"column":0},"end":{"line":125,"column":0}},"19":{"start":{"line":122,"column":0},"end":{"line":null,"column":-1}},"20":{"start":{"line":124,"column":0},"end":{"line":null,"column":-1}},"21":{"start":{"line":128,"column":0},"end":{"line":130,"column":0}},"22":{"start":{"line":129,"column":0},"end":{"line":null,"column":-1}},"23":{"start":{"line":132,"column":0},"end":{"line":134,"column":0}},"24":{"start":{"line":133,"column":0},"end":{"line":null,"column":-1}},"25":{"start":{"line":138,"column":0},"end":{"line":null,"column":-1}},"26":{"start":{"line":139,"column":0},"end":{"line":141,"column":0}},"27":{"start":{"line":140,"column":0},"end":{"line":null,"column":-1}},"28":{"start":{"line":143,"column":0},"end":{"line":146,"column":0}},"29":{"start":{"line":145,"column":0},"end":{"line":null,"column":-1}},"30":{"start":{"line":146,"column":0},"end":{"line":null,"column":-1}},"31":{"start":{"line":150,"column":0},"end":{"line":156,"column":0}},"32":{"start":{"line":151,"column":0},"end":{"line":155,"column":0}},"33":{"start":{"line":152,"column":0},"end":{"line":null,"column":-1}},"34":{"start":{"line":154,"column":0},"end":{"line":null,"column":-1}},"35":{"start":{"line":160,"column":0},"end":{"line":null,"column":-1}},"36":{"start":{"line":162,"column":0},"end":{"line":168,"column":0}},"37":{"start":{"line":164,"column":0},"end":{"line":167,"column":0}},"38":{"start":{"line":165,"column":0},"end":{"line":null,"column":-1}},"39":{"start":{"line":166,"column":0},"end":{"line":null,"column":-1}},"40":{"start":{"line":170,"column":0},"end":{"line":null,"column":-1}},"41":{"start":{"line":173,"column":0},"end":{"line":null,"column":-1}},"42":{"start":{"line":174,"column":0},"end":{"line":null,"column":-1}},"43":{"start":{"line":181,"column":0},"end":{"line":185,"column":0}},"44":{"start":{"line":182,"column":0},"end":{"line":null,"column":-1}},"45":{"start":{"line":183,"column":0},"end":{"line":null,"column":-1}},"46":{"start":{"line":184,"column":0},"end":{"line":null,"column":-1}},"47":{"start":{"line":187,"column":0},"end":{"line":191,"column":0}},"48":{"start":{"line":189,"column":0},"end":{"line":null,"column":-1}},"49":{"start":{"line":190,"column":0},"end":{"line":null,"column":-1}},"50":{"start":{"line":191,"column":0},"end":{"line":null,"column":-1}},"51":{"start":{"line":195,"column":0},"end":{"line":201,"column":0}},"52":{"start":{"line":196,"column":0},"end":{"line":null,"column":-1}},"53":{"start":{"line":197,"column":0},"end":{"line":199,"column":0}},"54":{"start":{"line":198,"column":0},"end":{"line":null,"column":-1}},"55":{"start":{"line":200,"column":0},"end":{"line":null,"column":-1}},"56":{"start":{"line":204,"column":0},"end":{"line":null,"column":-1}},"57":{"start":{"line":205,"column":0},"end":{"line":null,"column":-1}},"58":{"start":{"line":206,"column":0},"end":{"line":null,"column":-1}},"59":{"start":{"line":207,"column":0},"end":{"line":null,"column":-1}},"60":{"start":{"line":208,"column":0},"end":{"line":null,"column":-1}}},"fnMap":{"0":{"name":"data","decl":{"start":{"line":71,"column":0},"end":{"line":null,"column":-1}},"loc":{"start":{"line":71,"column":0},"end":{"line":82,"column":0}}},"1":{"name":"aboutCompanyCharCount","decl":{"start":{"line":85,"column":0},"end":{"line":null,"column":-1}},"loc":{"start":{"line":85,"column":0},"end":{"line":87,"column":0}}},"2":{"name":"selectedCompanyIndex","decl":{"start":{"line":91,"column":0},"end":{"line":null,"column":-1}},"loc":{"start":{"line":91,"column":0},"end":{"line":98,"column":0}}},"3":{"name":"companyName","decl":{"start":{"line":99,"column":0},"end":{"line":null,"column":-1}},"loc":{"start":{"line":99,"column":0},"end":{"line":101,"column":0}}},"4":{"name":"aboutCompany","decl":{"start":{"line":102,"column":0},"end":{"line":null,"column":-1}},"loc":{"start":{"line":102,"column":0},"end":{"line":104,"column":0}}},"5":{"name":"mounted","decl":{"start":{"line":107,"column":0},"end":{"line":null,"column":-1}},"loc":{"start":{"line":107,"column":0},"end":{"line":136,"column":0}}},"6":{"name":"(anonymous_8)","decl":{"start":{"line":110,"column":0},"end":{"line":null,"column":-1}},"loc":{"start":{"line":110,"column":0},"end":{"line":116,"column":0}}},"7":{"name":"(anonymous_9)","decl":{"start":{"line":118,"column":0},"end":{"line":null,"column":-1}},"loc":{"start":{"line":118,"column":0},"end":{"line":126,"column":0}}},"8":{"name":"(anonymous_10)","decl":{"start":{"line":128,"column":0},"end":{"line":null,"column":-1}},"loc":{"start":{"line":128,"column":0},"end":{"line":130,"column":0}}},"9":{"name":"(anonymous_11)","decl":{"start":{"line":132,"column":0},"end":{"line":null,"column":-1}},"loc":{"start":{"line":132,"column":0},"end":{"line":134,"column":0}}},"10":{"name":"fetchAllCompanies","decl":{"start":{"line":138,"column":0},"end":{"line":null,"column":-1}},"loc":{"start":{"line":138,"column":0},"end":{"line":147,"column":0}}},"11":{"name":"handler","decl":{"start":{"line":139,"column":0},"end":{"line":null,"column":-1}},"loc":{"start":{"line":139,"column":0},"end":{"line":141,"column":0}}},"12":{"name":"(anonymous_14)","decl":{"start":{"line":143,"column":0},"end":{"line":null,"column":-1}},"loc":{"start":{"line":143,"column":0},"end":{"line":145,"column":0}}},"13":{"name":"(anonymous_15)","decl":{"start":{"line":145,"column":0},"end":{"line":null,"column":-1}},"loc":{"start":{"line":145,"column":0},"end":{"line":146,"column":0}}},"14":{"name":"emitCompanyToParent","decl":{"start":{"line":149,"column":0},"end":{"line":null,"column":-1}},"loc":{"start":{"line":149,"column":0},"end":{"line":157,"column":0}}},"15":{"name":"validateForm","decl":{"start":{"line":159,"column":0},"end":{"line":null,"column":-1}},"loc":{"start":{"line":159,"column":0},"end":{"line":171,"column":0}}},"16":{"name":"(anonymous_18)","decl":{"start":{"line":162,"column":0},"end":{"line":null,"column":-1}},"loc":{"start":{"line":162,"column":0},"end":{"line":168,"column":0}}},"17":{"name":"saveCompany","decl":{"start":{"line":173,"column":0},"end":{"line":null,"column":-1}},"loc":{"start":{"line":173,"column":0},"end":{"line":192,"column":0}}},"18":{"name":"handler","decl":{"start":{"line":181,"column":0},"end":{"line":null,"column":-1}},"loc":{"start":{"line":181,"column":0},"end":{"line":185,"column":0}}},"19":{"name":"(anonymous_21)","decl":{"start":{"line":187,"column":0},"end":{"line":null,"column":-1}},"loc":{"start":{"line":187,"column":0},"end":{"line":189,"column":0}}},"20":{"name":"(anonymous_22)","decl":{"start":{"line":189,"column":0},"end":{"line":null,"column":-1}},"loc":{"start":{"line":189,"column":0},"end":{"line":190,"column":0}}},"21":{"name":"(anonymous_23)","decl":{"start":{"line":190,"column":0},"end":{"line":null,"column":-1}},"loc":{"start":{"line":190,"column":0},"end":{"line":191,"column":0}}},"22":{"name":"readURL","decl":{"start":{"line":194,"column":0},"end":{"line":null,"column":-1}},"loc":{"start":{"line":194,"column":0},"end":{"line":202,"column":0}}},"23":{"name":"(anonymous_25)","decl":{"start":{"line":197,"column":0},"end":{"line":null,"column":-1}},"loc":{"start":{"line":197,"column":0},"end":{"line":199,"column":0}}},"24":{"name":"matchWithExistingCompanies","decl":{"start":{"line":204,"column":0},"end":{"line":null,"column":-1}},"loc":{"start":{"line":204,"column":0},"end":{"line":209,"column":0}}},"25":{"name":"hasSameDataAsInputs","decl":{"start":{"line":205,"column":0},"end":{"line":null,"column":-1}},"loc":{"start":{"line":205,"column":0},"end":{"line":null,"column":-1}}},"26":{"name":"(anonymous_28)","decl":{"start":{"line":206,"column":0},"end":{"line":null,"column":-1}},"loc":{"start":{"line":206,"column":0},"end":{"line":null,"column":-1}}}},"branchMap":{"0":{"loc":{"start":{"line":92,"column":0},"end":{"line":97,"column":0}},"type":"if","locations":[{"start":{"line":92,"column":0},"end":{"line":97,"column":0}},{"start":{"line":92,"column":0},"end":{"line":97,"column":0}}]},"1":{"loc":{"start":{"line":121,"column":0},"end":{"line":125,"column":0}},"type":"if","locations":[{"start":{"line":121,"column":0},"end":{"line":125,"column":0}},{"start":{"line":121,"column":0},"end":{"line":125,"column":0}}]},"2":{"loc":{"start":{"line":124,"column":0},"end":{"line":null,"column":-1}},"type":"if","locations":[{"start":{"line":124,"column":0},"end":{"line":null,"column":-1}},{"start":{"line":124,"column":0},"end":{"line":null,"column":-1}}]},"3":{"loc":{"start":{"line":150,"column":0},"end":{"line":156,"column":0}},"type":"if","locations":[{"start":{"line":150,"column":0},"end":{"line":156,"column":0}},{"start":{"line":150,"column":0},"end":{"line":156,"column":0}}]},"4":{"loc":{"start":{"line":151,"column":0},"end":{"line":155,"column":0}},"type":"if","locations":[{"start":{"line":151,"column":0},"end":{"line":155,"column":0}},{"start":{"line":151,"column":0},"end":{"line":155,"column":0}}]},"5":{"loc":{"start":{"line":164,"column":0},"end":{"line":167,"column":0}},"type":"if","locations":[{"start":{"line":164,"column":0},"end":{"line":167,"column":0}},{"start":{"line":164,"column":0},"end":{"line":167,"column":0}}]},"6":{"loc":{"start":{"line":195,"column":0},"end":{"line":201,"column":0}},"type":"if","locations":[{"start":{"line":195,"column":0},"end":{"line":201,"column":0}},{"start":{"line":195,"column":0},"end":{"line":201,"column":0}}]},"7":{"loc":{"start":{"line":195,"column":0},"end":{"line":null,"column":-1}},"type":"binary-expr","locations":[{"start":{"line":195,"column":0},"end":{"line":null,"column":-1}},{"start":{"line":195,"column":0},"end":{"line":null,"column":-1}}]},"8":{"loc":{"start":{"line":205,"column":0},"end":{"line":null,"column":-1}},"type":"binary-expr","locations":[{"start":{"line":205,"column":0},"end":{"line":null,"column":-1}},{"start":{"line":205,"column":0},"end":{"line":null,"column":-1}}]},"9":{"loc":{"start":{"line":207,"column":0},"end":{"line":null,"column":-1}},"type":"cond-expr","locations":[{"start":{"line":207,"column":0},"end":{"line":null,"column":-1}},{"start":{"line":207,"column":0},"end":{"line":null,"column":-1}}]},"10":{"loc":{"start":{"line":208,"column":0},"end":{"line":null,"column":-1}},"type":"cond-expr","locations":[{"start":{"line":208,"column":0},"end":{"line":null,"column":-1}},{"start":{"line":208,"column":0},"end":{"line":null,"column":-1}}]}},"s":{"0":0,"1":0,"2":0,"3":0,"4":0,"5":0,"6":0,"7":0,"8":0,"9":0,"10":0,"11":0,"12":0,"13":0,"14":0,"15":0,"16":0,"17":0,"18":0,"19":0,"20":0,"21":0,"22":0,"23":0,"24":0,"25":0,"26":0,"27":0,"28":0,"29":0,"30":0,"31":0,"32":0,"33":0,"34":0,"35":0,"36":0,"37":0,"38":0,"39":0,"40":0,"41":0,"42":0,"43":0,"44":0,"45":0,"46":0,"47":0,"48":0,"49":0,"50":0,"51":0,"52":0,"53":0,"54":0,"55":0,"56":0,"57":0,"58":0,"59":0,"60":0},"f":{"0":0,"1":0,"2":0,"3":0,"4":0,"5":0,"6":0,"7":0,"8":0,"9":0,"10":0,"11":0,"12":0,"13":0,"14":0,"15":0,"16":0,"17":0,"18":0,"19":0,"20":0,"21":0,"22":0,"23":0,"24":0,"25":0,"26":0},"b":{"0":[0,0],"1":[0,0],"2":[0,0],"3":[0,0],"4":[0,0],"5":[0,0],"6":[0,0],"7":[0,0],"8":[0,0],"9":[0,0],"10":[0,0]}}
,"/Users/janswist/Developer/pristine/frontend/prizm/src/components/JobBuilderConfirmation.vue": {"path":"/Users/janswist/Developer/pristine/frontend/prizm/src/components/JobBuilderConfirmation.vue","statementMap":{"0":{"start":{"line":14,"column":0},"end":{"line":null,"column":-1}},"1":{"start":{"line":20,"column":0},"end":{"line":null,"column":-1}}},"fnMap":{"0":{"name":"data","decl":{"start":{"line":13,"column":0},"end":{"line":null,"column":-1}},"loc":{"start":{"line":13,"column":0},"end":{"line":17,"column":0}}},"1":{"name":"submit","decl":{"start":{"line":19,"column":0},"end":{"line":null,"column":-1}},"loc":{"start":{"line":19,"column":0},"end":{"line":21,"column":0}}}},"branchMap":{},"s":{"0":0,"1":0},"f":{"0":0,"1":0},"b":{}}
,"/Users/janswist/Developer/pristine/frontend/prizm/src/components/job-add.vue": {"path":"/Users/janswist/Developer/pristine/frontend/prizm/src/components/job-add.vue","statementMap":{"0":{"start":{"line":55,"column":0},"end":{"line":null,"column":-1}},"1":{"start":{"line":56,"column":0},"end":{"line":null,"column":-1}},"2":{"start":{"line":57,"column":0},"end":{"line":null,"column":-1}},"3":{"start":{"line":62,"column":0},"end":{"line":null,"column":-1}},"4":{"start":{"line":77,"column":0},"end":{"line":null,"column":-1}},"5":{"start":{"line":80,"column":0},"end":{"line":82,"column":0}},"6":{"start":{"line":81,"column":0},"end":{"line":null,"column":-1}},"7":{"start":{"line":84,"column":0},"end":{"line":null,"column":-1}},"8":{"start":{"line":95,"column":0},"end":{"line":null,"column":-1}},"9":{"start":{"line":96,"column":0},"end":{"line":null,"column":-1}},"10":{"start":{"line":98,"column":0},"end":{"line":101,"column":0}},"11":{"start":{"line":99,"column":0},"end":{"line":null,"column":-1}},"12":{"start":{"line":100,"column":0},"end":{"line":null,"column":-1}},"13":{"start":{"line":106,"column":0},"end":{"line":109,"column":0}},"14":{"start":{"line":107,"column":0},"end":{"line":null,"column":-1}},"15":{"start":{"line":108,"column":0},"end":{"line":null,"column":-1}},"16":{"start":{"line":111,"column":0},"end":{"line":113,"column":0}},"17":{"start":{"line":112,"column":0},"end":{"line":null,"column":-1}},"18":{"start":{"line":115,"column":0},"end":{"line":118,"column":0}},"19":{"start":{"line":116,"column":0},"end":{"line":null,"column":-1}},"20":{"start":{"line":117,"column":0},"end":{"line":null,"column":-1}},"21":{"start":{"line":120,"column":0},"end":{"line":122,"column":0}},"22":{"start":{"line":121,"column":0},"end":{"line":null,"column":-1}},"23":{"start":{"line":124,"column":0},"end":{"line":null,"column":-1}}},"fnMap":{"0":{"name":"data","decl":{"start":{"line":61,"column":0},"end":{"line":null,"column":-1}},"loc":{"start":{"line":61,"column":0},"end":{"line":73,"column":0}}},"1":{"name":"keywordsChange","decl":{"start":{"line":76,"column":0},"end":{"line":null,"column":-1}},"loc":{"start":{"line":76,"column":0},"end":{"line":78,"column":0}}},"2":{"name":"addJob","decl":{"start":{"line":79,"column":0},"end":{"line":null,"column":-1}},"loc":{"start":{"line":79,"column":0},"end":{"line":102,"column":0}}},"3":{"name":"(anonymous_5)","decl":{"start":{"line":98,"column":0},"end":{"line":null,"column":-1}},"loc":{"start":{"line":98,"column":0},"end":{"line":101,"column":0}}},"4":{"name":"created","decl":{"start":{"line":104,"column":0},"end":{"line":null,"column":-1}},"loc":{"start":{"line":104,"column":0},"end":{"line":126,"column":0}}},"5":{"name":"(anonymous_7)","decl":{"start":{"line":106,"column":0},"end":{"line":null,"column":-1}},"loc":{"start":{"line":106,"column":0},"end":{"line":109,"column":0}}},"6":{"name":"(anonymous_8)","decl":{"start":{"line":111,"column":0},"end":{"line":null,"column":-1}},"loc":{"start":{"line":111,"column":0},"end":{"line":113,"column":0}}},"7":{"name":"(anonymous_9)","decl":{"start":{"line":115,"column":0},"end":{"line":null,"column":-1}},"loc":{"start":{"line":115,"column":0},"end":{"line":118,"column":0}}},"8":{"name":"(anonymous_10)","decl":{"start":{"line":120,"column":0},"end":{"line":null,"column":-1}},"loc":{"start":{"line":120,"column":0},"end":{"line":122,"column":0}}}},"branchMap":{"0":{"loc":{"start":{"line":80,"column":0},"end":{"line":82,"column":0}},"type":"if","locations":[{"start":{"line":80,"column":0},"end":{"line":82,"column":0}},{"start":{"line":80,"column":0},"end":{"line":82,"column":0}}]}},"s":{"0":0,"1":0,"2":0,"3":0,"4":0,"5":0,"6":0,"7":0,"8":0,"9":0,"10":0,"11":0,"12":0,"13":0,"14":0,"15":0,"16":0,"17":0,"18":0,"19":0,"20":0,"21":0,"22":0,"23":0},"f":{"0":0,"1":0,"2":0,"3":0,"4":0,"5":0,"6":0,"7":0,"8":0},"b":{"0":[0,0]}}
,"/Users/janswist/Developer/pristine/frontend/prizm/src/components/job-new-component.vue": {"path":"/Users/janswist/Developer/pristine/frontend/prizm/src/components/job-new-component.vue","statementMap":{"0":{"start":{"line":65,"column":0},"end":{"line":null,"column":-1}},"1":{"start":{"line":67,"column":0},"end":{"line":null,"column":-1}},"2":{"start":{"line":72,"column":0},"end":{"line":null,"column":-1}},"3":{"start":{"line":88,"column":0},"end":{"line":null,"column":-1}},"4":{"start":{"line":89,"column":0},"end":{"line":null,"column":-1}},"5":{"start":{"line":90,"column":0},"end":{"line":null,"column":-1}},"6":{"start":{"line":91,"column":0},"end":{"line":94,"column":0}},"7":{"start":{"line":92,"column":0},"end":{"line":null,"column":-1}},"8":{"start":{"line":93,"column":0},"end":{"line":null,"column":-1}},"9":{"start":{"line":98,"column":0},"end":{"line":null,"column":-1}},"10":{"start":{"line":99,"column":0},"end":{"line":null,"column":-1}},"11":{"start":{"line":100,"column":0},"end":{"line":null,"column":-1}},"12":{"start":{"line":101,"column":0},"end":{"line":null,"column":-1}},"13":{"start":{"line":102,"column":0},"end":{"line":null,"column":-1}},"14":{"start":{"line":103,"column":0},"end":{"line":null,"column":-1}},"15":{"start":{"line":104,"column":0},"end":{"line":null,"column":-1}},"16":{"start":{"line":106,"column":0},"end":{"line":null,"column":-1}},"17":{"start":{"line":107,"column":0},"end":{"line":null,"column":-1}},"18":{"start":{"line":108,"column":0},"end":{"line":null,"column":-1}},"19":{"start":{"line":109,"column":0},"end":{"line":null,"column":-1}},"20":{"start":{"line":110,"column":0},"end":{"line":null,"column":-1}},"21":{"start":{"line":112,"column":0},"end":{"line":null,"column":-1}},"22":{"start":{"line":114,"column":0},"end":{"line":null,"column":-1}},"23":{"start":{"line":115,"column":0},"end":{"line":null,"column":-1}},"24":{"start":{"line":116,"column":0},"end":{"line":null,"column":-1}},"25":{"start":{"line":117,"column":0},"end":{"line":null,"column":-1}},"26":{"start":{"line":119,"column":0},"end":{"line":null,"column":-1}},"27":{"start":{"line":122,"column":0},"end":{"line":null,"column":-1}},"28":{"start":{"line":123,"column":0},"end":{"line":null,"column":-1}},"29":{"start":{"line":124,"column":0},"end":{"line":null,"column":-1}},"30":{"start":{"line":125,"column":0},"end":{"line":135,"column":0}},"31":{"start":{"line":126,"column":0},"end":{"line":null,"column":-1}},"32":{"start":{"line":134,"column":0},"end":{"line":null,"column":-1}},"33":{"start":{"line":140,"column":0},"end":{"line":null,"column":-1}},"34":{"start":{"line":145,"column":0},"end":{"line":151,"column":0}},"35":{"start":{"line":146,"column":0},"end":{"line":147,"column":0}}},"fnMap":{"0":{"name":"data","decl":{"start":{"line":71,"column":0},"end":{"line":null,"column":-1}},"loc":{"start":{"line":71,"column":0},"end":{"line":87,"column":0}}},"1":{"name":"beforeCreate","decl":{"start":{"line":88,"column":0},"end":{"line":null,"column":-1}},"loc":{"start":{"line":88,"column":0},"end":{"line":95,"column":0}}},"2":{"name":"(anonymous_3)","decl":{"start":{"line":91,"column":0},"end":{"line":null,"column":-1}},"loc":{"start":{"line":91,"column":0},"end":{"line":94,"column":0}}},"3":{"name":"enableInteractiveReferral","decl":{"start":{"line":97,"column":0},"end":{"line":null,"column":-1}},"loc":{"start":{"line":97,"column":0},"end":{"line":120,"column":0}}},"4":{"name":"mounted","decl":{"start":{"line":122,"column":0},"end":{"line":null,"column":-1}},"loc":{"start":{"line":122,"column":0},"end":{"line":136,"column":0}}},"5":{"name":"(anonymous_6)","decl":{"start":{"line":125,"column":0},"end":{"line":null,"column":-1}},"loc":{"start":{"line":125,"column":0},"end":{"line":135,"column":0}}},"6":{"name":"lineChartKw","decl":{"start":{"line":139,"column":0},"end":{"line":null,"column":-1}},"loc":{"start":{"line":139,"column":0},"end":{"line":154,"column":0}}},"7":{"name":"mounted","decl":{"start":{"line":144,"column":0},"end":{"line":null,"column":-1}},"loc":{"start":{"line":144,"column":0},"end":{"line":152,"column":0}}}},"branchMap":{"0":{"loc":{"start":{"line":145,"column":0},"end":{"line":151,"column":0}},"type":"if","locations":[{"start":{"line":145,"column":0},"end":{"line":151,"column":0}},{"start":{"line":145,"column":0},"end":{"line":151,"column":0}}]}},"s":{"0":0,"1":0,"2":0,"3":0,"4":0,"5":0,"6":0,"7":0,"8":0,"9":0,"10":0,"11":0,"12":0,"13":0,"14":0,"15":0,"16":0,"17":0,"18":0,"19":0,"20":0,"21":0,"22":0,"23":0,"24":0,"25":0,"26":0,"27":0,"28":0,"29":0,"30":0,"31":0,"32":0,"33":0,"34":0,"35":0},"f":{"0":0,"1":0,"2":0,"3":0,"4":0,"5":0,"6":0,"7":0},"b":{"0":[0,0]}}
,"/Users/janswist/Developer/pristine/frontend/prizm/src/components/job.vue": {"path":"/Users/janswist/Developer/pristine/frontend/prizm/src/components/job.vue","statementMap":{"0":{"start":{"line":30,"column":0},"end":{"line":null,"column":-1}},"1":{"start":{"line":29,"column":0},"end":{"line":null,"column":-1}},"2":{"start":{"line":34,"column":0},"end":{"line":null,"column":-1}},"3":{"start":{"line":40,"column":0},"end":{"line":null,"column":-1}},"4":{"start":{"line":41,"column":0},"end":{"line":null,"column":-1}},"5":{"start":{"line":42,"column":0},"end":{"line":null,"column":-1}},"6":{"start":{"line":43,"column":0},"end":{"line":null,"column":-1}},"7":{"start":{"line":44,"column":0},"end":{"line":null,"column":-1}},"8":{"start":{"line":45,"column":0},"end":{"line":null,"column":-1}},"9":{"start":{"line":47,"column":0},"end":{"line":null,"column":-1}},"10":{"start":{"line":48,"column":0},"end":{"line":null,"column":-1}},"11":{"start":{"line":49,"column":0},"end":{"line":null,"column":-1}},"12":{"start":{"line":50,"column":0},"end":{"line":null,"column":-1}},"13":{"start":{"line":51,"column":0},"end":{"line":null,"column":-1}},"14":{"start":{"line":53,"column":0},"end":{"line":null,"column":-1}},"15":{"start":{"line":54,"column":0},"end":{"line":null,"column":-1}},"16":{"start":{"line":55,"column":0},"end":{"line":null,"column":-1}},"17":{"start":{"line":56,"column":0},"end":{"line":null,"column":-1}},"18":{"start":{"line":58,"column":0},"end":{"line":null,"column":-1}},"19":{"start":{"line":61,"column":0},"end":{"line":null,"column":-1}},"20":{"start":{"line":62,"column":0},"end":{"line":null,"column":-1}},"21":{"start":{"line":65,"column":0},"end":{"line":null,"column":-1}},"22":{"start":{"line":66,"column":0},"end":{"line":68,"column":0}},"23":{"start":{"line":67,"column":0},"end":{"line":null,"column":-1}},"24":{"start":{"line":70,"column":0},"end":{"line":null,"column":-1}}},"fnMap":{"0":{"name":"data","decl":{"start":{"line":33,"column":0},"end":{"line":null,"column":-1}},"loc":{"start":{"line":33,"column":0},"end":{"line":37,"column":0}}},"1":{"name":"enableInteractiveReferral","decl":{"start":{"line":39,"column":0},"end":{"line":null,"column":-1}},"loc":{"start":{"line":39,"column":0},"end":{"line":59,"column":0}}},"2":{"name":"showJob","decl":{"start":{"line":60,"column":0},"end":{"line":null,"column":-1}},"loc":{"start":{"line":60,"column":0},"end":{"line":63,"column":0}}},"3":{"name":"mounted","decl":{"start":{"line":65,"column":0},"end":{"line":null,"column":-1}},"loc":{"start":{"line":65,"column":0},"end":{"line":71,"column":0}}},"4":{"name":"(anonymous_6)","decl":{"start":{"line":66,"column":0},"end":{"line":null,"column":-1}},"loc":{"start":{"line":66,"column":0},"end":{"line":68,"column":0}}}},"branchMap":{},"s":{"0":0,"1":0,"2":0,"3":0,"4":0,"5":0,"6":0,"7":0,"8":0,"9":0,"10":0,"11":0,"12":0,"13":0,"14":0,"15":0,"16":0,"17":0,"18":0,"19":0,"20":0,"21":0,"22":0,"23":0,"24":0},"f":{"0":0,"1":0,"2":0,"3":0,"4":0},"b":{}}
,"/Users/janswist/Developer/pristine/frontend/prizm/src/components/keywords.vue": {"path":"/Users/janswist/Developer/pristine/frontend/prizm/src/components/keywords.vue","statementMap":{"0":{"start":{"line":31,"column":0},"end":{"line":null,"column":-1}},"1":{"start":{"line":37,"column":0},"end":{"line":null,"column":-1}},"2":{"start":{"line":38,"column":0},"end":{"line":null,"column":-1}},"3":{"start":{"line":39,"column":0},"end":{"line":null,"column":-1}},"4":{"start":{"line":40,"column":0},"end":{"line":null,"column":-1}},"5":{"start":{"line":43,"column":0},"end":{"line":null,"column":-1}},"6":{"start":{"line":44,"column":0},"end":{"line":null,"column":-1}},"7":{"start":{"line":45,"column":0},"end":{"line":null,"column":-1}},"8":{"start":{"line":46,"column":0},"end":{"line":null,"column":-1}},"9":{"start":{"line":47,"column":0},"end":{"line":null,"column":-1}},"10":{"start":{"line":50,"column":0},"end":{"line":null,"column":-1}},"11":{"start":{"line":51,"column":0},"end":{"line":null,"column":-1}},"12":{"start":{"line":52,"column":0},"end":{"line":null,"column":-1}}},"fnMap":{"0":{"name":"data","decl":{"start":{"line":30,"column":0},"end":{"line":null,"column":-1}},"loc":{"start":{"line":30,"column":0},"end":{"line":34,"column":0}}},"1":{"name":"addKeyword","decl":{"start":{"line":36,"column":0},"end":{"line":null,"column":-1}},"loc":{"start":{"line":36,"column":0},"end":{"line":41,"column":0}}},"2":{"name":"dropKeyword","decl":{"start":{"line":42,"column":0},"end":{"line":null,"column":-1}},"loc":{"start":{"line":42,"column":0},"end":{"line":48,"column":0}}},"3":{"name":"pushToArray","decl":{"start":{"line":49,"column":0},"end":{"line":null,"column":-1}},"loc":{"start":{"line":49,"column":0},"end":{"line":53,"column":0}}}},"branchMap":{},"s":{"0":0,"1":0,"2":0,"3":0,"4":0,"5":0,"6":0,"7":0,"8":0,"9":0,"10":0,"11":0,"12":0},"f":{"0":0,"1":0,"2":0,"3":0},"b":{}}
,"/Users/janswist/Developer/pristine/frontend/prizm/src/components/optin.vue": {"path":"/Users/janswist/Developer/pristine/frontend/prizm/src/components/optin.vue","statementMap":{"0":{"start":{"line":154,"column":0},"end":{"line":null,"column":-1}},"1":{"start":{"line":172,"column":0},"end":{"line":189,"column":0}},"2":{"start":{"line":188,"column":0},"end":{"line":null,"column":-1}},"3":{"start":{"line":191,"column":0},"end":{"line":null,"column":-1}},"4":{"start":{"line":194,"column":0},"end":{"line":210,"column":0}},"5":{"start":{"line":209,"column":0},"end":{"line":null,"column":-1}},"6":{"start":{"line":212,"column":0},"end":{"line":null,"column":-1}},"7":{"start":{"line":215,"column":0},"end":{"line":230,"column":0}},"8":{"start":{"line":228,"column":0},"end":{"line":null,"column":-1}},"9":{"start":{"line":229,"column":0},"end":{"line":null,"column":-1}},"10":{"start":{"line":232,"column":0},"end":{"line":null,"column":-1}},"11":{"start":{"line":235,"column":0},"end":{"line":null,"column":-1}},"12":{"start":{"line":236,"column":0},"end":{"line":null,"column":-1}},"13":{"start":{"line":239,"column":0},"end":{"line":null,"column":-1}},"14":{"start":{"line":241,"column":0},"end":{"line":null,"column":-1}},"15":{"start":{"line":247,"column":0},"end":{"line":null,"column":-1}},"16":{"start":{"line":248,"column":0},"end":{"line":null,"column":-1}},"17":{"start":{"line":250,"column":0},"end":{"line":null,"column":-1}},"18":{"start":{"line":251,"column":0},"end":{"line":null,"column":-1}},"19":{"start":{"line":252,"column":0},"end":{"line":null,"column":-1}},"20":{"start":{"line":254,"column":0},"end":{"line":null,"column":-1}},"21":{"start":{"line":257,"column":0},"end":{"line":null,"column":-1}},"22":{"start":{"line":258,"column":0},"end":{"line":null,"column":-1}},"23":{"start":{"line":259,"column":0},"end":{"line":263,"column":0}},"24":{"start":{"line":260,"column":0},"end":{"line":null,"column":-1}},"25":{"start":{"line":261,"column":0},"end":{"line":null,"column":-1}},"26":{"start":{"line":262,"column":0},"end":{"line":null,"column":-1}},"27":{"start":{"line":265,"column":0},"end":{"line":null,"column":-1}},"28":{"start":{"line":266,"column":0},"end":{"line":null,"column":-1}},"29":{"start":{"line":268,"column":0},"end":{"line":274,"column":0}},"30":{"start":{"line":269,"column":0},"end":{"line":null,"column":-1}},"31":{"start":{"line":270,"column":0},"end":{"line":null,"column":-1}},"32":{"start":{"line":271,"column":0},"end":{"line":null,"column":-1}},"33":{"start":{"line":272,"column":0},"end":{"line":null,"column":-1}},"34":{"start":{"line":273,"column":0},"end":{"line":null,"column":-1}},"35":{"start":{"line":276,"column":0},"end":{"line":279,"column":0}},"36":{"start":{"line":277,"column":0},"end":{"line":null,"column":-1}},"37":{"start":{"line":278,"column":0},"end":{"line":null,"column":-1}},"38":{"start":{"line":281,"column":0},"end":{"line":283,"column":0}},"39":{"start":{"line":282,"column":0},"end":{"line":null,"column":-1}},"40":{"start":{"line":285,"column":0},"end":{"line":295,"column":0}},"41":{"start":{"line":286,"column":0},"end":{"line":null,"column":-1}},"42":{"start":{"line":287,"column":0},"end":{"line":293,"column":0}},"43":{"start":{"line":288,"column":0},"end":{"line":null,"column":-1}},"44":{"start":{"line":294,"column":0},"end":{"line":null,"column":-1}}},"fnMap":{"0":{"name":"data","decl":{"start":{"line":153,"column":0},"end":{"line":null,"column":-1}},"loc":{"start":{"line":153,"column":0},"end":{"line":169,"column":0}}},"1":{"name":"optinsignupandoptin","decl":{"start":{"line":171,"column":0},"end":{"line":null,"column":-1}},"loc":{"start":{"line":171,"column":0},"end":{"line":192,"column":0}}},"2":{"name":"(anonymous_3)","decl":{"start":{"line":172,"column":0},"end":{"line":null,"column":-1}},"loc":{"start":{"line":172,"column":0},"end":{"line":189,"column":0}}},"3":{"name":"optinloginandoptin","decl":{"start":{"line":193,"column":0},"end":{"line":null,"column":-1}},"loc":{"start":{"line":193,"column":0},"end":{"line":213,"column":0}}},"4":{"name":"(anonymous_5)","decl":{"start":{"line":194,"column":0},"end":{"line":null,"column":-1}},"loc":{"start":{"line":194,"column":0},"end":{"line":210,"column":0}}},"5":{"name":"optinandoptin","decl":{"start":{"line":214,"column":0},"end":{"line":null,"column":-1}},"loc":{"start":{"line":214,"column":0},"end":{"line":233,"column":0}}},"6":{"name":"(anonymous_7)","decl":{"start":{"line":215,"column":0},"end":{"line":null,"column":-1}},"loc":{"start":{"line":215,"column":0},"end":{"line":230,"column":0}}},"7":{"name":"myOpenFunc","decl":{"start":{"line":234,"column":0},"end":{"line":null,"column":-1}},"loc":{"start":{"line":234,"column":0},"end":{"line":237,"column":0}}},"8":{"name":"unsetModal","decl":{"start":{"line":238,"column":0},"end":{"line":null,"column":-1}},"loc":{"start":{"line":238,"column":0},"end":{"line":255,"column":0}}},"9":{"name":"beforeCreate","decl":{"start":{"line":257,"column":0},"end":{"line":null,"column":-1}},"loc":{"start":{"line":257,"column":0},"end":{"line":264,"column":0}}},"10":{"name":"(anonymous_11)","decl":{"start":{"line":259,"column":0},"end":{"line":null,"column":-1}},"loc":{"start":{"line":259,"column":0},"end":{"line":263,"column":0}}},"11":{"name":"mounted","decl":{"start":{"line":265,"column":0},"end":{"line":null,"column":-1}},"loc":{"start":{"line":265,"column":0},"end":{"line":297,"column":0}}},"12":{"name":"(anonymous_13)","decl":{"start":{"line":268,"column":0},"end":{"line":null,"column":-1}},"loc":{"start":{"line":268,"column":0},"end":{"line":274,"column":0}}},"13":{"name":"(anonymous_14)","decl":{"start":{"line":276,"column":0},"end":{"line":null,"column":-1}},"loc":{"start":{"line":276,"column":0},"end":{"line":279,"column":0}}},"14":{"name":"(anonymous_15)","decl":{"start":{"line":281,"column":0},"end":{"line":null,"column":-1}},"loc":{"start":{"line":281,"column":0},"end":{"line":283,"column":0}}},"15":{"name":"(anonymous_16)","decl":{"start":{"line":285,"column":0},"end":{"line":null,"column":-1}},"loc":{"start":{"line":285,"column":0},"end":{"line":295,"column":0}}},"16":{"name":"(anonymous_17)","decl":{"start":{"line":287,"column":0},"end":{"line":null,"column":-1}},"loc":{"start":{"line":287,"column":0},"end":{"line":293,"column":0}}}},"branchMap":{},"s":{"0":0,"1":0,"2":0,"3":0,"4":0,"5":0,"6":0,"7":0,"8":0,"9":0,"10":0,"11":0,"12":0,"13":0,"14":0,"15":0,"16":0,"17":0,"18":0,"19":0,"20":0,"21":0,"22":0,"23":0,"24":0,"25":0,"26":0,"27":0,"28":0,"29":0,"30":0,"31":0,"32":0,"33":0,"34":0,"35":0,"36":0,"37":0,"38":0,"39":0,"40":0,"41":0,"42":0,"43":0,"44":0},"f":{"0":0,"1":0,"2":0,"3":0,"4":0,"5":0,"6":0,"7":0,"8":0,"9":0,"10":0,"11":0,"12":0,"13":0,"14":0,"15":0,"16":0},"b":{}}
,"/Users/janswist/Developer/pristine/frontend/prizm/src/components/referral.vue": {"path":"/Users/janswist/Developer/pristine/frontend/prizm/src/components/referral.vue","statementMap":{"0":{"start":{"line":46,"column":0},"end":{"line":null,"column":-1}},"1":{"start":{"line":47,"column":0},"end":{"line":null,"column":-1}}},"fnMap":{"0":{"name":"monitorReferral","decl":{"start":{"line":45,"column":0},"end":{"line":null,"column":-1}},"loc":{"start":{"line":45,"column":0},"end":{"line":48,"column":0}}}},"branchMap":{},"s":{"0":0,"1":0},"f":{"0":0},"b":{}}
,"/Users/janswist/Developer/pristine/frontend/prizm/src/components/review.vue": {"path":"/Users/janswist/Developer/pristine/frontend/prizm/src/components/review.vue","statementMap":{"0":{"start":{"line":111,"column":0},"end":{"line":null,"column":-1}},"1":{"start":{"line":112,"column":0},"end":{"line":null,"column":-1}},"2":{"start":{"line":113,"column":0},"end":{"line":null,"column":-1}},"3":{"start":{"line":114,"column":0},"end":{"line":null,"column":-1}},"4":{"start":{"line":115,"column":0},"end":{"line":null,"column":-1}},"5":{"start":{"line":116,"column":0},"end":{"line":null,"column":-1}},"6":{"start":{"line":119,"column":0},"end":{"line":null,"column":-1}},"7":{"start":{"line":120,"column":0},"end":{"line":123,"column":0}},"8":{"start":{"line":121,"column":0},"end":{"line":null,"column":-1}},"9":{"start":{"line":122,"column":0},"end":{"line":null,"column":-1}},"10":{"start":{"line":126,"column":0},"end":{"line":null,"column":-1}},"11":{"start":{"line":150,"column":0},"end":{"line":null,"column":-1}},"12":{"start":{"line":151,"column":0},"end":{"line":null,"column":-1}},"13":{"start":{"line":152,"column":0},"end":{"line":null,"column":-1}},"14":{"start":{"line":155,"column":0},"end":{"line":null,"column":-1}},"15":{"start":{"line":156,"column":0},"end":{"line":null,"column":-1}},"16":{"start":{"line":165,"column":0},"end":{"line":168,"column":0}},"17":{"start":{"line":166,"column":0},"end":{"line":null,"column":-1}},"18":{"start":{"line":167,"column":0},"end":{"line":null,"column":-1}},"19":{"start":{"line":171,"column":0},"end":{"line":null,"column":-1}},"20":{"start":{"line":172,"column":0},"end":{"line":null,"column":-1}},"21":{"start":{"line":173,"column":0},"end":{"line":null,"column":-1}},"22":{"start":{"line":176,"column":0},"end":{"line":185,"column":0}},"23":{"start":{"line":184,"column":0},"end":{"line":null,"column":-1}},"24":{"start":{"line":187,"column":0},"end":{"line":null,"column":-1}},"25":{"start":{"line":190,"column":0},"end":{"line":206,"column":0}},"26":{"start":{"line":205,"column":0},"end":{"line":null,"column":-1}},"27":{"start":{"line":208,"column":0},"end":{"line":null,"column":-1}},"28":{"start":{"line":211,"column":0},"end":{"line":226,"column":0}},"29":{"start":{"line":224,"column":0},"end":{"line":null,"column":-1}},"30":{"start":{"line":225,"column":0},"end":{"line":null,"column":-1}},"31":{"start":{"line":228,"column":0},"end":{"line":null,"column":-1}},"32":{"start":{"line":231,"column":0},"end":{"line":null,"column":-1}},"33":{"start":{"line":232,"column":0},"end":{"line":null,"column":-1}},"34":{"start":{"line":235,"column":0},"end":{"line":null,"column":-1}},"35":{"start":{"line":237,"column":0},"end":{"line":null,"column":-1}},"36":{"start":{"line":243,"column":0},"end":{"line":null,"column":-1}},"37":{"start":{"line":244,"column":0},"end":{"line":null,"column":-1}},"38":{"start":{"line":246,"column":0},"end":{"line":null,"column":-1}},"39":{"start":{"line":247,"column":0},"end":{"line":null,"column":-1}},"40":{"start":{"line":248,"column":0},"end":{"line":null,"column":-1}},"41":{"start":{"line":250,"column":0},"end":{"line":null,"column":-1}},"42":{"start":{"line":253,"column":0},"end":{"line":257,"column":0}},"43":{"start":{"line":254,"column":0},"end":{"line":null,"column":-1}},"44":{"start":{"line":256,"column":0},"end":{"line":null,"column":-1}},"45":{"start":{"line":267,"column":0},"end":{"line":270,"column":0}},"46":{"start":{"line":268,"column":0},"end":{"line":null,"column":-1}},"47":{"start":{"line":269,"column":0},"end":{"line":null,"column":-1}},"48":{"start":{"line":272,"column":0},"end":{"line":null,"column":-1}},"49":{"start":{"line":273,"column":0},"end":{"line":null,"column":-1}},"50":{"start":{"line":278,"column":0},"end":{"line":null,"column":-1}}},"fnMap":{"0":{"name":"beforeCreate","decl":{"start":{"line":119,"column":0},"end":{"line":null,"column":-1}},"loc":{"start":{"line":119,"column":0},"end":{"line":124,"column":0}}},"1":{"name":"(anonymous_2)","decl":{"start":{"line":120,"column":0},"end":{"line":null,"column":-1}},"loc":{"start":{"line":120,"column":0},"end":{"line":123,"column":0}}},"2":{"name":"data","decl":{"start":{"line":125,"column":0},"end":{"line":null,"column":-1}},"loc":{"start":{"line":125,"column":0},"end":{"line":162,"column":0}}},"3":{"name":"sending","decl":{"start":{"line":149,"column":0},"end":{"line":null,"column":-1}},"loc":{"start":{"line":149,"column":0},"end":{"line":157,"column":0}}},"4":{"name":"alertEmailEmpty","decl":{"start":{"line":164,"column":0},"end":{"line":null,"column":-1}},"loc":{"start":{"line":164,"column":0},"end":{"line":169,"column":0}}},"5":{"name":"processLinkedin","decl":{"start":{"line":170,"column":0},"end":{"line":null,"column":-1}},"loc":{"start":{"line":170,"column":0},"end":{"line":174,"column":0}}},"6":{"name":"optinsignupandoptin","decl":{"start":{"line":175,"column":0},"end":{"line":null,"column":-1}},"loc":{"start":{"line":175,"column":0},"end":{"line":188,"column":0}}},"7":{"name":"(anonymous_8)","decl":{"start":{"line":176,"column":0},"end":{"line":null,"column":-1}},"loc":{"start":{"line":176,"column":0},"end":{"line":185,"column":0}}},"8":{"name":"optinloginandoptin","decl":{"start":{"line":189,"column":0},"end":{"line":null,"column":-1}},"loc":{"start":{"line":189,"column":0},"end":{"line":209,"column":0}}},"9":{"name":"(anonymous_10)","decl":{"start":{"line":190,"column":0},"end":{"line":null,"column":-1}},"loc":{"start":{"line":190,"column":0},"end":{"line":206,"column":0}}},"10":{"name":"optinandoptin","decl":{"start":{"line":210,"column":0},"end":{"line":null,"column":-1}},"loc":{"start":{"line":210,"column":0},"end":{"line":229,"column":0}}},"11":{"name":"(anonymous_12)","decl":{"start":{"line":211,"column":0},"end":{"line":null,"column":-1}},"loc":{"start":{"line":211,"column":0},"end":{"line":226,"column":0}}},"12":{"name":"myOpenFunc","decl":{"start":{"line":230,"column":0},"end":{"line":null,"column":-1}},"loc":{"start":{"line":230,"column":0},"end":{"line":233,"column":0}}},"13":{"name":"unsetModal","decl":{"start":{"line":234,"column":0},"end":{"line":null,"column":-1}},"loc":{"start":{"line":234,"column":0},"end":{"line":251,"column":0}}},"14":{"name":"linkClass","decl":{"start":{"line":252,"column":0},"end":{"line":null,"column":-1}},"loc":{"start":{"line":252,"column":0},"end":{"line":258,"column":0}}},"15":{"name":"mounted","decl":{"start":{"line":266,"column":0},"end":{"line":null,"column":-1}},"loc":{"start":{"line":266,"column":0},"end":{"line":279,"column":0}}},"16":{"name":"(anonymous_17)","decl":{"start":{"line":267,"column":0},"end":{"line":null,"column":-1}},"loc":{"start":{"line":267,"column":0},"end":{"line":270,"column":0}}}},"branchMap":{"0":{"loc":{"start":{"line":165,"column":0},"end":{"line":168,"column":0}},"type":"if","locations":[{"start":{"line":165,"column":0},"end":{"line":168,"column":0}},{"start":{"line":165,"column":0},"end":{"line":168,"column":0}}]},"1":{"loc":{"start":{"line":253,"column":0},"end":{"line":257,"column":0}},"type":"if","locations":[{"start":{"line":253,"column":0},"end":{"line":257,"column":0}},{"start":{"line":253,"column":0},"end":{"line":257,"column":0}}]}},"s":{"0":0,"1":0,"2":0,"3":0,"4"
[...]
d":{"line":null,"column":-1}},"32":{"start":{"line":141,"column":0},"end":{"line":null,"column":-1}}},"fnMap":{"0":{"name":"data","decl":{"start":{"line":42,"column":0},"end":{"line":null,"column":-1}},"loc":{"start":{"line":42,"column":0},"end":{"line":52,"column":0}}},"1":{"name":"mounted","decl":{"start":{"line":53,"column":0},"end":{"line":null,"column":-1}},"loc":{"start":{"line":53,"column":0},"end":{"line":57,"column":0}}},"2":{"name":"mounted","decl":{"start":{"line":61,"column":0},"end":{"line":null,"column":-1}},"loc":{"start":{"line":61,"column":0},"end":{"line":85,"column":0}}},"3":{"name":"(anonymous_5)","decl":{"start":{"line":64,"column":0},"end":{"line":null,"column":-1}},"loc":{"start":{"line":64,"column":0},"end":{"line":84,"column":0}}},"4":{"name":"cogIcon","decl":{"start":{"line":87,"column":0},"end":{"line":null,"column":-1}},"loc":{"start":{"line":87,"column":0},"end":{"line":90,"column":0}}},"5":{"name":"data","decl":{"start":{"line":92,"column":0},"end":{"line":null,"column":-1}},"loc":{"start":{"line":92,"column":0},"end":{"line":116,"column":0}}},"6":{"name":"apply","decl":{"start":{"line":118,"column":0},"end":{"line":null,"column":-1}},"loc":{"start":{"line":118,"column":0},"end":{"line":132,"column":0}}},"7":{"name":"(anonymous_9)","decl":{"start":{"line":123,"column":0},"end":{"line":null,"column":-1}},"loc":{"start":{"line":123,"column":0},"end":{"line":131,"column":0}}},"8":{"name":"matchJobs","decl":{"start":{"line":133,"column":0},"end":{"line":null,"column":-1}},"loc":{"start":{"line":133,"column":0},"end":{"line":143,"column":0}}},"9":{"name":"(anonymous_11)","decl":{"start":{"line":137,"column":0},"end":{"line":null,"column":-1}},"loc":{"start":{"line":137,"column":0},"end":{"line":142,"column":0}}}},"branchMap":{"0":{"loc":{"start":{"line":54,"column":0},"end":{"line":56,"column":0}},"type":"if","locations":[{"start":{"line":54,"column":0},"end":{"line":56,"column":0}},{"start":{"line":54,"column":0},"end":{"line":56,"column":0}}]}},"s":{"0":0,"1":0,"2":0,"3":0,"4":0,"5":0,"6":0,"7":0,"8":0,"9":0,"10":0,"11":0,"12":0,"13":0,"14":0,"15":0,"16":0,"17":0,"18":0,"19":0,"20":0,"21":0,"22":0,"23":0,"24":0,"25":0,"26":0,"27":0,"28":0,"29":0,"30":0,"31":0,"32":0},"f":{"0":0,"1":0,"2":0,"3":0,"4":0,"5":0,"6":0,"7":0,"8":0,"9":0},"b":{"0":[0,0]}}
,"/Users/janswist/Developer/pristine/frontend/prizm/src/pages/JobListing.vue": {"path":"/Users/janswist/Developer/pristine/frontend/prizm/src/pages/JobListing.vue","statementMap":{"0":{"start":{"line":54,"column":0},"end":{"line":null,"column":-1}},"1":{"start":{"line":55,"column":0},"end":{"line":null,"column":-1}},"2":{"start":{"line":56,"column":0},"end":{"line":null,"column":-1}},"3":{"start":{"line":63,"column":0},"end":{"line":null,"column":-1}},"4":{"start":{"line":72,"column":0},"end":{"line":null,"column":-1}},"5":{"start":{"line":83,"column":0},"end":{"line":null,"column":-1}},"6":{"start":{"line":88,"column":0},"end":{"line":null,"column":-1}},"7":{"start":{"line":91,"column":0},"end":{"line":null,"column":-1}},"8":{"start":{"line":94,"column":0},"end":{"line":null,"column":-1}},"9":{"start":{"line":97,"column":0},"end":{"line":null,"column":-1}},"10":{"start":{"line":100,"column":0},"end":{"line":null,"column":-1}},"11":{"start":{"line":106,"column":0},"end":{"line":null,"column":-1}},"12":{"start":{"line":110,"column":0},"end":{"line":null,"column":-1}},"13":{"start":{"line":114,"column":0},"end":{"line":null,"column":-1}},"14":{"start":{"line":117,"column":0},"end":{"line":null,"column":-1}},"15":{"start":{"line":118,"column":0},"end":{"line":137,"column":0}},"16":{"start":{"line":119,"column":0},"end":{"line":null,"column":-1}},"17":{"start":{"line":121,"column":0},"end":{"line":129,"column":0}},"18":{"start":{"line":122,"column":0},"end":{"line":128,"column":0}},"19":{"start":{"line":123,"column":0},"end":{"line":null,"column":-1}},"20":{"start":{"line":124,"column":0},"end":{"line":null,"column":-1}},"21":{"start":{"line":125,"column":0},"end":{"line":null,"column":-1}},"22":{"start":{"line":127,"column":0},"end":{"line":null,"column":-1}},"23":{"start":{"line":141,"column":0},"end":{"line":null,"column":-1}}},"fnMap":{"0":{"name":"data","decl":{"start":{"line":71,"column":0},"end":{"line":null,"column":-1}},"loc":{"start":{"line":71,"column":0},"end":{"line":80,"column":0}}},"1":{"name":"created","decl":{"start":{"line":82,"column":0},"end":{"line":null,"column":-1}},"loc":{"start":{"line":82,"column":0},"end":{"line":84,"column":0}}},"2":{"name":"checkIcon","decl":{"start":{"line":87,"column":0},"end":{"line":null,"column":-1}},"loc":{"start":{"line":87,"column":0},"end":{"line":89,"column":0}}},"3":{"name":"crossIcon","decl":{"start":{"line":90,"column":0},"end":{"line":null,"column":-1}},"loc":{"start":{"line":90,"column":0},"end":{"line":92,"column":0}}},"4":{"name":"editIcon","decl":{"start":{"line":93,"column":0},"end":{"line":null,"column":-1}},"loc":{"start":{"line":93,"column":0},"end":{"line":95,"column":0}}},"5":{"name":"deleteIcon","decl":{"start":{"line":96,"column":0},"end":{"line":null,"column":-1}},"loc":{"start":{"line":96,"column":0},"end":{"line":98,"column":0}}},"6":{"name":"loadingIcon","decl":{"start":{"line":99,"column":0},"end":{"line":null,"column":-1}},"loc":{"start":{"line":99,"column":0},"end":{"line":101,"column":0}}},"7":{"name":"getJobs","decl":{"start":{"line":105,"column":0},"end":{"line":null,"column":-1}},"loc":{"start":{"line":105,"column":0},"end":{"line":107,"column":0}}},"8":{"name":"editJob","decl":{"start":{"line":109,"column":0},"end":{"line":null,"column":-1}},"loc":{"start":{"line":109,"column":0},"end":{"line":111,"column":0}}},"9":{"name":"deleteJob","decl":{"start":{"line":113,"column":0},"end":{"line":null,"column":-1}},"loc":{"start":{"line":113,"column":0},"end":{"line":115,"column":0}}},"10":{"name":"callBuilder","decl":{"start":{"line":117,"column":0},"end":{"line":null,"column":-1}},"loc":{"start":{"line":117,"column":0},"end":{"line":138,"column":0}}},"11":{"name":"(anonymous_13)","decl":{"start":{"line":118,"column":0},"end":{"line":null,"column":-1}},"loc":{"start":{"line":118,"column":0},"end":{"line":137,"column":0}}},"12":{"name":"handler","decl":{"start":{"line":121,"column":0},"end":{"line":null,"column":-1}},"loc":{"start":{"line":121,"column":0},"end":{"line":129,"column":0}}},"13":{"name":"switchWarningHighlight","decl":{"start":{"line":140,"column":0},"end":{"line":null,"column":-1}},"loc":{"start":{"line":140,"column":0},"end":{"line":147,"column":0}}}},"branchMap":{"0":{"loc":{"start":{"line":122,"column":0},"end":{"line":128,"column":0}},"type":"if","locations":[{"start":{"line":122,"column":0},"end":{"line":128,"column":0}},{"start":{"line":122,"column":0},"end":{"line":128,"column":0}}]},"1":{"loc":{"start":{"line":141,"column":0},"end":{"line":null,"column":-1}},"type":"cond-expr","locations":[{"start":{"line":141,"column":0},"end":{"line":null,"column":-1}},{"start":{"line":141,"column":0},"end":{"line":null,"column":-1}}]}},"s":{"0":1,"1":1,"2":1,"3":1,"4":1,"5":1,"6":0,"7":0,"8":0,"9":0,"10":1,"11":1,"12":0,"13":0,"14":1,"15":1,"16":1,"17":1,"18":0,"19":0,"20":0,"21":0,"22":0,"23":0},"f":{"0":1,"1":1,"2":0,"3":0,"4":0,"5":0,"6":1,"7":1,"8":0,"9":0,"10":1,"11":1,"12":0,"13":0},"b":{"0":[0,0],"1":[0,0]}}
,"/Users/janswist/Developer/pristine/frontend/prizm/src/pages/ProfileBuilder.vue": {"path":"/Users/janswist/Developer/pristine/frontend/prizm/src/pages/ProfileBuilder.vue","statementMap":{"0":{"start":{"line":37,"column":0},"end":{"line":null,"column":-1}},"1":{"start":{"line":38,"column":0},"end":{"line":null,"column":-1}},"2":{"start":{"line":42,"column":0},"end":{"line":null,"column":-1}},"3":{"start":{"line":43,"column":0},"end":{"line":null,"column":-1}},"4":{"start":{"line":44,"column":0},"end":{"line":null,"column":-1}},"5":{"start":{"line":48,"column":0},"end":{"line":null,"column":-1}},"6":{"start":{"line":53,"column":0},"end":{"line":null,"column":-1}},"7":{"start":{"line":64,"column":0},"end":{"line":66,"column":0}},"8":{"start":{"line":65,"column":0},"end":{"line":null,"column":-1}},"9":{"start":{"line":77,"column":0},"end":{"line":null,"column":-1}},"10":{"start":{"line":78,"column":0},"end":{"line":null,"column":-1}},"11":{"start":{"line":80,"column":0},"end":{"line":88,"column":0}},"12":{"start":{"line":83,"column":0},"end":{"line":null,"column":-1}},"13":{"start":{"line":84,"column":0},"end":{"line":null,"column":-1}},"14":{"start":{"line":86,"column":0},"end":{"line":null,"column":-1}},"15":{"start":{"line":92,"column":0},"end":{"line":null,"column":-1}},"16":{"start":{"line":93,"column":0},"end":{"line":116,"column":0}},"17":{"start":{"line":95,"column":0},"end":{"line":null,"column":-1}},"18":{"start":{"line":97,"column":0},"end":{"line":null,"column":-1}},"19":{"start":{"line":101,"column":0},"end":{"line":115,"column":0}},"20":{"start":{"line":103,"column":0},"end":{"line":null,"column":-1}},"21":{"start":{"line":111,"column":0},"end":{"line":null,"column":-1}},"22":{"start":{"line":112,"column":0},"end":{"line":null,"column":-1}},"23":{"start":{"line":114,"column":0},"end":{"line":null,"column":-1}},"24":{"start":{"line":115,"column":0},"end":{"line":null,"column":-1}},"25":{"start":{"line":122,"column":0},"end":{"line":null,"column":-1}},"26":{"start":{"line":127,"column":0},"end":{"line":null,"column":-1}},"27":{"start":{"line":144,"column":0},"end":{"line":null,"column":-1}},"28":{"start":{"line":155,"column":0},"end":{"line":160,"column":0}},"29":{"start":{"line":156,"column":0},"end":{"line":null,"column":-1}},"30":{"start":{"line":158,"column":0},"end":{"line":null,"column":-1}},"31":{"start":{"line":159,"column":0},"end":{"line":null,"column":-1}},"32":{"start":{"line":164,"column":0},"end":{"line":null,"column":-1}},"33":{"start":{"line":166,"column":0},"end":{"line":null,"column":-1}},"34":{"start":{"line":172,"column":0},"end":{"line":175,"column":0}},"35":{"start":{"line":174,"column":0},"end":{"line":null,"column":-1}},"36":{"start":{"line":175,"column":0},"end":{"line":null,"column":-1}},"37":{"start":{"line":178,"column":0},"end":{"line":null,"column":-1}},"38":{"start":{"line":179,"column":0},"end":{"line":null,"column":-1}},"39":{"start":{"line":183,"column":0},"end":{"line":187,"column":0}},"40":{"start":{"line":185,"column":0},"end":{"line":null,"column":-1}},"41":{"start":{"line":186,"column":0},"end":{"line":null,"column":-1}},"42":{"start":{"line":187,"column":0},"end":{"line":null,"column":-1}},"43":{"start":{"line":191,"column":0},"end":{"line":null,"column":-1}}},"fnMap":{"0":{"name":"data","decl":{"start":{"line":52,"column":0},"end":{"line":null,"column":-1}},"loc":{"start":{"line":52,"column":0},"end":{"line":62,"column":0}}},"1":{"name":"mounted","decl":{"start":{"line":63,"column":0},"end":{"line":null,"column":-1}},"loc":{"start":{"line":63,"column":0},"end":{"line":67,"column":0}}},"2":{"name":"mounted","decl":{"start":{"line":77,"column":0},"end":{"line":null,"column":-1}},"loc":{"start":{"line":77,"column":0},"end":{"line":89,"column":0}}},"3":{"name":"(anonymous_5)","decl":{"start":{"line":80,"column":0},"end":{"line":null,"column":-1}},"loc":{"start":{"line":80,"column":0},"end":{"line":88,"column":0}}},"4":{"name":"profilekeywords","decl":{"start":{"line":92,"column":0},"end":{"line":null,"column":-1}},"loc":{"start":{"line":92,"column":0},"end":{"line":117,"column":0}}},"5":{"name":"(anonymous_7)","decl":{"start":{"line":101,"column":0},"end":{"line":null,"column":-1}},"loc":{"start":{"line":101,"column":0},"end":{"line":113,"column":0}}},"6":{"name":"(anonymous_8)","decl":{"start":{"line":113,"column":0},"end":{"line":null,"column":-1}},"loc":{"start":{"line":113,"column":0},"end":{"line":114,"column":0}}},"7":{"name":"(anonymous_9)","decl":{"start":{"line":114,"column":0},"end":{"line":null,"column":-1}},"loc":{"start":{"line":114,"column":0},"end":{"line":115,"column":0}}},"8":{"name":"cogIcon","decl":{"start":{"line":121,"column":0},"end":{"line":null,"column":-1}},"loc":{"start":{"line":121,"column":0},"end":{"line":123,"column":0}}},"9":{"name":"data","decl":{"start":{"line":126,"column":0},"end":{"line":null,"column":-1}},"loc":{"start":{"line":126,"column":0},"end":{"line":140,"column":0}}},"10":{"name":"populateWeights","decl":{"start":{"line":143,"column":0},"end":{"line":null,"column":-1}},"loc":{"start":{"line":143,"column":0},"end":{"line":152,"column":0}}},"11":{"name":"updateProfileKeywords","decl":{"start":{"line":154,"column":0},"end":{"line":null,"column":-1}},"loc":{"start":{"line":154,"column":0},"end":{"line":161,"column":0}}},"12":{"name":"saveProfile","decl":{"start":{"line":163,"column":0},"end":{"line":null,"column":-1}},"loc":{"start":{"line":163,"column":0},"end":{"line":176,"column":0}}},"13":{"name":"(anonymous_15)","decl":{"start":{"line":172,"column":0},"end":{"line":null,"column":-1}},"loc":{"start":{"line":172,"column":0},"end":{"line":174,"column":0}}},"14":{"name":"(anonymous_16)","decl":{"start":{"line":174,"column":0},"end":{"line":null,"column":-1}},"loc":{"start":{"line":174,"column":0},"end":{"line":175,"column":0}}},"15":{"name":"matchProfile","decl":{"start":{"line":178,"column":0},"end":{"line":null,"column":-1}},"loc":{"start":{"line":178,"column":0},"end":{"line":188,"column":0}}},"16":{"name":"(anonymous_18)","decl":{"start":{"line":183,"column":0},"end":{"line":null,"column":-1}},"loc":{"start":{"line":183,"column":0},"end":{"line":185,"column":0}}},"17":{"name":"(anonymous_19)","decl":{"start":{"line":185,"column":0},"end":{"line":null,"column":-1}},"loc":{"start":{"line":185,"column":0},"end":{"line":186,"column":0}}},"18":{"name":"(anonymous_20)","decl":{"start":{"line":186,"column":0},"end":{"line":null,"column":-1}},"loc":{"start":{"line":186,"column":0},"end":{"line":187,"column":0}}},"19":{"name":"openJobDetails","decl":{"start":{"line":190,"column":0},"end":{"line":null,"column":-1}},"loc":{"start":{"line":190,"column":0},"end":{"line":194,"column":0}}}},"branchMap":{"0":{"loc":{"start":{"line":64,"column":0},"end":{"line":66,"column":0}},"type":"if","locations":[{"start":{"line":64,"column":0},"end":{"line":66,"column":0}},{"start":{"line":64,"column":0},"end":{"line":66,"column":0}}]},"1":{"loc":{"start":{"line":86,"column":0},"end":{"line":null,"column":-1}},"type":"if","locations":[{"start":{"line":86,"column":0},"end":{"line":null,"column":-1}},{"start":{"line":86,"column":0},"end":{"line":null,"column":-1}}]},"2":{"loc":{"start":{"line":93,"column":0},"end":{"line":116,"column":0}},"type":"if","locations":[{"start":{"line":93,"column":0},"end":{"line":116,"column":0}},{"start":{"line":93,"column":0},"end":{"line":116,"column":0}}]},"3":{"loc":{"start":{"line":155,"column":0},"end":{"line":160,"column":0}},"type":"if","locations":[{"start":{"line":155,"column":0},"end":{"line":160,"column":0}},{"start":{"line":155,"column":0},"end":{"line":160,"column":0}}]}},"s":{"0":0,"1":0,"2":0,"3":0,"4":0,"5":0,"6":0,"7":0,"8":0,"9":0,"10":0,"11":0,"12":0,"13":0,"14":0,"15":0,"16":0,"17":0,"18":0,"19":0,"20":0,"21":0,"22":0,"23":0,"24":0,"25":0,"26":0,"27":0,"28":0,"29":0,"30":0,"31":0,"32":0,"33":0,"34":0,"35":0,"36":0,"37":0,"38":0,"39":0,"40":0,"41":0,"42":0,"43":0},"f":{"0":0,"1":0,"2":0,"3":0,"4":0,"5":0,"6":0,"7":0,"8":0,"9":0,"10":0,"11":0,"12":0,"13":0,"14":0,"15":0,"16":0,"17":0,"18":0,"19":0},"b":{"0":[0,0],"1":[0,0],"2":[0,0],"3":[0,0]}}
,"/Users/janswist/Developer/pristine/frontend/prizm/src/pages/SignIn.vue": {"path":"/Users/janswist/Developer/pristine/frontend/prizm/src/pages/SignIn.vue","statementMap":{"0":{"start":{"line":19,"column":0},"end":{"line":null,"column":-1}},"1":{"start":{"line":23,"column":0},"end":{"line":null,"column":-1}},"2":{"start":{"line":26,"column":0},"end":{"line":null,"column":-1}},"3":{"start":{"line":34,"column":0},"end":{"line":null,"column":-1}},"4":{"start":{"line":38,"column":0},"end":{"line":null,"column":-1}},"5":{"start":{"line":39,"column":0},"end":{"line":53,"column":0}},"6":{"start":{"line":44,"column":0},"end":{"line":null,"column":-1}},"7":{"start":{"line":45,"column":0},"end":{"line":null,"column":-1}},"8":{"start":{"line":46,"column":0},"end":{"line":50,"column":0}},"9":{"start":{"line":47,"column":0},"end":{"line":null,"column":-1}},"10":{"start":{"line":49,"column":0},"end":{"line":null,"column":-1}},"11":{"start":{"line":52,"column":0},"end":{"line":null,"column":-1}},"12":{"start":{"line":53,"column":0},"end":{"line":null,"column":-1}}},"fnMap":{"0":{"name":"mounted","decl":{"start":{"line":22,"column":0},"end":{"line":null,"column":-1}},"loc":{"start":{"line":22,"column":0},"end":{"line":24,"column":0}}},"1":{"name":"data","decl":{"start":{"line":25,"column":0},"end":{"line":null,"column":-1}},"loc":{"start":{"line":25,"column":0},"end":{"line":31,"column":0}}},"2":{"name":"isAuthenticated","decl":{"start":{"line":33,"column":0},"end":{"line":null,"column":-1}},"loc":{"start":{"line":33,"column":0},"end":{"line":35,"column":0}}},"3":{"name":"login","decl":{"start":{"line":38,"column":0},"end":{"line":null,"column":-1}},"loc":{"start":{"line":38,"column":0},"end":{"line":54,"column":0}}},"4":{"name":"(anonymous_6)","decl":{"start":{"line":39,"column":0},"end":{"line":null,"column":-1}},"loc":{"start":{"line":39,"column":0},"end":{"line":51,"column":0}}},"5":{"name":"(anonymous_7)","decl":{"start":{"line":51,"column":0},"end":{"line":null,"column":-1}},"loc":{"start":{"line":51,"column":0},"end":{"line":52,"column":0}}},"6":{"name":"(anonymous_8)","decl":{"start":{"line":52,"column":0},"end":{"line":null,"column":-1}},"loc":{"start":{"line":52,"column":0},"end":{"line":53,"column":0}}}},"branchMap":{"0":{"loc":{"start":{"line":46,"column":0},"end":{"line":50,"column":0}},"type":"if","locations":[{"start":{"line":46,"column":0},"end":{"line":50,"column":0}},{"start":{"line":46,"column":0},"end":{"line":50,"column":0}}]}},"s":{"0":0,"1":0,"2":0,"3":0,"4":0,"5":0,"6":0,"7":0,"8":0,"9":0,"10":0,"11":0,"12":0},"f":{"0":0,"1":0,"2":0,"3":0,"4":0,"5":0,"6":0},"b":{"0":[0,0]}}
,"/Users/janswist/Developer/pristine/frontend/prizm/src/pages/SignUp.vue": {"path":"/Users/janswist/Developer/pristine/frontend/prizm/src/pages/SignUp.vue","statementMap":{"0":{"start":{"line":19,"column":0},"end":{"line":null,"column":-1}},"1":{"start":{"line":23,"column":0},"end":{"line":null,"column":-1}},"2":{"start":{"line":32,"column":0},"end":{"line":null,"column":-1}},"3":{"start":{"line":33,"column":0},"end":{"line":null,"column":-1}},"4":{"start":{"line":39,"column":0},"end":{"line":null,"column":-1}},"5":{"start":{"line":45,"column":0},"end":{"line":72,"column":0}},"6":{"start":{"line":60,"column":0},"end":{"line":null,"column":-1}},"7":{"start":{"line":61,"column":0},"end":{"line":70,"column":0}},"8":{"start":{"line":62,"column":0},"end":{"line":null,"column":-1}},"9":{"start":{"line":64,"column":0},"end":{"line":null,"column":-1}},"10":{"start":{"line":72,"column":0},"end":{"line":null,"column":-1}}},"fnMap":{"0":{"name":"data","decl":{"start":{"line":22,"column":0},"end":{"line":null,"column":-1}},"loc":{"start":{"line":22,"column":0},"end":{"line":30,"column":0}}},"1":{"name":"signUserUp","decl":{"start":{"line":32,"column":0},"end":{"line":null,"column":-1}},"loc":{"start":{"line":32,"column":0},"end":{"line":73,"column":0}}},"2":{"name":"(anonymous_4)","decl":{"start":{"line":46,"column":0},"end":{"line":null,"column":-1}},"loc":{"start":{"line":46,"column":0},"end":{"line":71,"column":0}}},"3":{"name":"(anonymous_5)","decl":{"start":{"line":71,"column":0},"end":{"line":null,"column":-1}},"loc":{"start":{"line":71,"column":0},"end":{"line":72,"column":0}}}},"branchMap":{"0":{"loc":{"start":{"line":61,"column":0},"end":{"line":70,"column":0}},"type":"if","locations":[{"start":{"line":61,"column":0},"end":{"line":70,"column":0}},{"start":{"line":61,"column":0},"end":{"line":70,"column":0}}]}},"s":{"0":0,"1":0,"2":0,"3":0,"4":0,"5":0,"6":0,"7":0,"8":0,"9":0,"10":0},"f":{"0":0,"1":0,"2":0,"3":0},"b":{"0":[0,0]}}
}
