TN:
SF:/Users/janswist/Developer/pristine/frontend/prizm/src/App.vue
FN:38,isAuthenticated
FN:42,data
FN:52,logout
FN:53,(anonymous_5)
FNF:4
FNH:0
FNDA:0,isAuthenticated
FNDA:0,data
FNDA:0,logout
FNDA:0,(anonymous_5)
DA:32,0
DA:39,0
DA:43,0
DA:52,0
DA:53,0
DA:54,0
LF:6
LH:0
BRF:0
BRH:0
end_of_record
TN:
SF:/Users/janswist/Developer/pristine/frontend/prizm/src/helpers.js
FN:7,(anonymous_0)
FN:10,(anonymous_1)
FN:17,(anonymous_2)
FN:29,(anonymous_3)
FNF:4
FNH:0
FNDA:0,(anonymous_0)
FNDA:0,(anonymous_1)
FNDA:0,(anonymous_2)
FNDA:0,(anonymous_3)
DA:1,1
DA:3,1
DA:4,1
DA:8,0
DA:11,0
DA:12,0
DA:13,0
DA:14,0
DA:15,0
DA:18,0
DA:19,0
DA:22,0
DA:23,0
DA:24,0
DA:26,0
DA:27,0
DA:30,0
DA:31,0
DA:34,0
DA:35,0
DA:38,0
DA:39,0
DA:41,0
DA:42,0
DA:44,0
LF:25
LH:3
BRDA:7,0,0,0
BRDA:18,1,0,0
BRDA:18,1,1,0
BRDA:29,2,0,0
BRDA:30,3,0,0
BRDA:30,3,1,0
BRDA:34,4,0,0
BRDA:34,4,1,0
BRDA:41,5,0,0
BRDA:41,5,1,0
BRF:10
BRH:0
end_of_record
TN:
SF:/Users/janswist/Developer/pristine/frontend/prizm/src/validation.js
FN:2,(anonymous_0)
FN:60,(anonymous_1)
FN:63,(anonymous_2)
FN:66,(anonymous_3)
FN:69,(anonymous_4)
FN:73,(anonymous_5)
FN:80,(anonymous_6)
FN:82,(anonymous_7)
FN:89,(anonymous_8)
FN:106,(anonymous_9)
FNF:10
FNH:0
FNDA:0,(anonymous_0)
FNDA:0,(anonymous_1)
FNDA:0,(anonymous_2)
FNDA:0,(anonymous_3)
FNDA:0,(anonymous_4)
FNDA:0,(anonymous_5)
FNDA:0,(anonymous_6)
FNDA:0,(anonymous_7)
FNDA:0,(anonymous_8)
FNDA:0,(anonymous_9)
DA:3,0
DA:5,0
DA:8,0
DA:9,0
DA:11,0
DA:12,0
DA:14,0
DA:15,0
DA:17,0
DA:18,0
DA:20,0
DA:21,0
DA:23,0
DA:24,0
DA:27,0
DA:28,0
DA:30,0
DA:31,0
DA:33,0
DA:34,0
DA:37,0
DA:38,0
DA:40,0
DA:41,0
DA:43,0
DA:44,0
DA:47,0
DA:48,0
DA:50,0
DA:51,0
DA:53,0
DA:54,0
DA:56,0
DA:57,0
DA:61,0
DA:64,0
DA:67,0
DA:70,0
DA:71,0
DA:74,0
DA:75,0
DA:76,0
DA:77,0
DA:81,0
DA:82,0
DA:83,0
DA:84,0
DA:87,0
DA:90,0
DA:92,0
DA:95,0
DA:96,0
DA:97,0
DA:98,0
DA:99,0
DA:101,0
DA:102,0
DA:104,0
DA:107,0
DA:108,0
DA:109,0
DA:110,0
DA:111,0
DA:112,0
DA:113,0
DA:115,0
LF:66
LH:0
BRDA:5,0,0,0
BRDA:5,0,1,0
BRDA:5,0,2,0
BRDA:5,0,3,0
BRDA:5,0,4,0
BRDA:5,0,5,0
BRDA:5,0,6,0
BRDA:5,0,7,0
BRDA:5,0,8,0
BRDA:5,0,9,0
BRDA:5,0,10,0
BRDA:5,0,11,0
BRDA:5,0,12,0
BRDA:5,0,13,0
BRDA:5,0,14,0
BRDA:5,0,15,0
BRDA:20,1,0,0
BRDA:20,1,1,0
BRDA:61,2,0,0
BRDA:61,2,1,0
BRDA:64,3,0,0
BRDA:64,3,1,0
BRDA:67,4,0,0
BRDA:67,4,1,0
BRDA:71,5,0,0
BRDA:71,5,1,0
BRDA:77,6,0,0
BRDA:77,6,1,0
BRDA:83,7,0,0
BRDA:83,7,1,0
BRDA:87,8,0,0
BRDA:87,8,1,0
BRDA:92,9,0,0
BRDA:92,9,1,0
BRDA:92,10,0,0
BRDA:92,10,1,0
BRDA:92,10,2,0
BRDA:96,11,0,0
BRDA:96,11,1,0
BRDA:111,12,0,0
BRDA:111,12,1,0
BRDA:113,13,0,0
BRDA:113,13,1,0
BRDA:113,14,0,0
BRDA:113,14,1,0
BRF:45
BRH:0
end_of_record
TN:
SF:/Users/janswist/Developer/pristine/frontend/prizm/src/components/JobBuilderAboutJob.vue
FN:123,data
FN:142,keywords
FN:147,jobToEdit
FN:148,(anonymous_5)
FN:156,isAuthenticated
FN:162,keywordsChange
FN:166,changeCurrency
FN:173,validateForm
FN:176,(anonymous_10)
FN:186,emitJobToParent
FN:199,updateJob
FN:208,(anonymous_13)
FN:210,(anonymous_14)
FN:211,(anonymous_15)
FNF:14
FNH:0
FNDA:0,data
FNDA:0,keywords
FNDA:0,jobToEdit
FNDA:0,(anonymous_5)
FNDA:0,isAuthenticated
FNDA:0,keywordsChange
FNDA:0,changeCurrency
FNDA:0,validateForm
FNDA:0,(anonymous_10)
FNDA:0,emitJobToParent
FNDA:0,updateJob
FNDA:0,(anonymous_13)
FNDA:0,(anonymous_14)
FNDA:0,(anonymous_15)
DA:92,1
DA:93,1
DA:94,1
DA:95,1
DA:124,0
DA:143,0
DA:147,0
DA:148,0
DA:149,0
DA:157,0
DA:163,0
DA:167,0
DA:168,0
DA:169,0
DA:170,0
DA:174,0
DA:175,0
DA:176,0
DA:177,0
DA:179,0
DA:180,0
DA:183,0
DA:187,0
DA:189,0
DA:195,0
DA:199,0
DA:200,0
DA:202,0
DA:208,0
DA:210,0
DA:211,0
DA:212,0
LF:32
LH:4
BRDA:143,0,0,0
BRDA:143,0,1,0
BRDA:149,1,0,0
BRDA:149,1,1,0
BRDA:169,2,0,0
BRDA:169,2,1,0
BRDA:177,3,0,0
BRDA:177,3,1,0
BRDA:177,4,0,0
BRDA:177,4,1,0
BRDA:187,5,0,0
BRDA:187,5,1,0
BRDA:200,6,0,0
BRDA:200,6,1,0
BRF:14
BRH:0
end_of_record
TN:
SF:/Users/janswist/Developer/pristine/frontend/prizm/src/components/JobBuilderAboutProject.vue
FN:136,mounted
FN:151,data
FN:184,mounted
FN:190,tagIcon
FN:197,companyId
FN:200,selectedProjectIndex
FN:213,name
FN:216,description
FN:219,staff
FN:222,stage
FN:225,stack
FN:228,breakdown
FN:231,methodology
FN:234,breakdownNewFeatures
FN:237,breakdownMaintenance
FN:240,breakdownSupport
FN:243,breakdownDocumentation
FN:246,breakdownMeetings
FN:252,fetchAllProjects
FN:254,(anonymous_21)
FN:256,(anonymous_22)
FN:261,updateChart
FN:285,validateForm
FN:288,(anonymous_25)
FN:299,saveProject
FN:313,handler
FN:319,(anonymous_28)
FN:321,(anonymous_29)
FN:322,(anonymous_30)
FN:326,emitProjectToParent
FN:336,matchWithExistingProjects
FN:337,hasSameDataAsInputs
FN:346,(anonymous_34)
FNF:33
FNH:0
FNDA:0,mounted
FNDA:0,data
FNDA:0,mounted
FNDA:0,tagIcon
FNDA:0,companyId
FNDA:0,selectedProjectIndex
FNDA:0,name
FNDA:0,description
FNDA:0,staff
FNDA:0,stage
FNDA:0,stack
FNDA:0,breakdown
FNDA:0,methodology
FNDA:0,breakdownNewFeatures
FNDA:0,breakdownMaintenance
FNDA:0,breakdownSupport
FNDA:0,breakdownDocumentation
FNDA:0,breakdownMeetings
FNDA:0,fetchAllProjects
FNDA:0,(anonymous_21)
FNDA:0,(anonymous_22)
FNDA:0,updateChart
FNDA:0,validateForm
FNDA:0,(anonymous_25)
FNDA:0,saveProject
FNDA:0,handler
FNDA:0,(anonymous_28)
FNDA:0,(anonymous_29)
FNDA:0,(anonymous_30)
FNDA:0,emitProjectToParent
FNDA:0,matchWithExistingProjects
FNDA:0,hasSameDataAsInputs
FNDA:0,(anonymous_34)
DA:121,0
DA:122,0
DA:127,0
DA:128,0
DA:132,0
DA:137,0
DA:138,0
DA:152,0
DA:185,0
DA:186,0
DA:192,0
DA:198,0
DA:201,0
DA:202,0
DA:203,0
DA:204,0
DA:205,0
DA:206,0
DA:207,0
DA:208,0
DA:209,0
DA:210,0
DA:214,0
DA:217,0
DA:220,0
DA:223,0
DA:226,0
DA:229,0
DA:232,0
DA:235,0
DA:238,0
DA:241,0
DA:244,0
DA:247,0
DA:252,0
DA:253,0
DA:254,0
DA:256,0
DA:257,0
DA:262,0
DA:263,0
DA:286,0
DA:288,0
DA:290,0
DA:291,0
DA:292,0
DA:296,0
DA:299,0
DA:300,0
DA:313,0
DA:314,0
DA:315,0
DA:316,0
DA:319,0
DA:321,0
DA:322,0
DA:323,0
DA:327,0
DA:328,0
DA:329,0
DA:331,0
DA:336,0
DA:337,0
DA:338,0
DA:346,0
DA:347,0
DA:348,0
LF:67
LH:0
BRDA:137,0,0,0
BRDA:137,0,1,0
BRDA:201,1,0,0
BRDA:201,1,1,0
BRDA:252,2,0,0
BRDA:252,2,1,0
BRDA:253,3,0,0
BRDA:253,3,1,0
BRDA:262,4,0,0
BRDA:262,4,1,0
BRDA:290,5,0,0
BRDA:290,5,1,0
BRDA:327,6,0,0
BRDA:327,6,1,0
BRDA:328,7,0,0
BRDA:328,7,1,0
BRDA:338,8,0,0
BRDA:338,8,1,0
BRDA:338,8,2,0
BRDA:338,8,3,0
BRDA:338,8,4,0
BRDA:338,8,5,0
BRDA:338,8,6,0
BRDA:347,9,0,0
BRDA:347,9,1,0
BRDA:348,10,0,0
BRDA:348,10,1,0
BRF:27
BRH:0
end_of_record
TN:
SF:/Users/janswist/Developer/pristine/frontend/prizm/src/components/JobBuilderCompanyProfile.vue
FN:71,data
FN:85,aboutCompanyCharCount
FN:91,selectedCompanyIndex
FN:99,companyName
FN:102,aboutCompany
FN:107,mounted
FN:110,(anonymous_8)
FN:118,(anonymous_9)
FN:128,(anonymous_10)
FN:132,(anonymous_11)
FN:138,fetchAllCompanies
FN:139,handler
FN:143,(anonymous_14)
FN:145,(anonymous_15)
FN:149,emitCompanyToParent
FN:159,validateForm
FN:162,(anonymous_18)
FN:173,saveCompany
FN:181,handler
FN:187,(anonymous_21)
FN:189,(anonymous_22)
FN:190,(anonymous_23)
FN:194,readURL
FN:197,(anonymous_25)
FN:204,matchWithExistingCompanies
FN:205,hasSameDataAsInputs
FN:206,(anonymous_28)
FNF:27
FNH:0
FNDA:0,data
FNDA:0,aboutCompanyCharCount
FNDA:0,selectedCompanyIndex
FNDA:0,companyName
FNDA:0,aboutCompany
FNDA:0,mounted
FNDA:0,(anonymous_8)
FNDA:0,(anonymous_9)
FNDA:0,(anonymous_10)
FNDA:0,(anonymous_11)
FNDA:0,fetchAllCompanies
FNDA:0,handler
FNDA:0,(anonymous_14)
FNDA:0,(anonymous_15)
FNDA:0,emitCompanyToParent
FNDA:0,validateForm
FNDA:0,(anonymous_18)
FNDA:0,saveCompany
FNDA:0,handler
FNDA:0,(anonymous_21)
FNDA:0,(anonymous_22)
FNDA:0,(anonymous_23)
FNDA:0,readURL
FNDA:0,(anonymous_25)
FNDA:0,matchWithExistingCompanies
FNDA:0,hasSameDataAsInputs
FNDA:0,(anonymous_28)
DA:68,0
DA:72,0
DA:86,0
DA:92,0
DA:93,0
DA:94,0
DA:95,0
DA:96,0
DA:100,0
DA:103,0
DA:108,0
DA:109,0
DA:110,0
DA:112,0
DA:113,0
DA:115,0
DA:118,0
DA:119,0
DA:121,0
DA:122,0
DA:124,0
DA:128,0
DA:129,0
DA:132,0
DA:133,0
DA:138,0
DA:139,0
DA:140,0
DA:143,0
DA:145,0
DA:146,0
DA:150,0
DA:151,0
DA:152,0
DA:154,0
DA:160,0
DA:162,0
DA:164,0
DA:165,0
DA:166,0
DA:170,0
DA:173,0
DA:174,0
DA:181,0
DA:182,0
DA:183,0
DA:184,0
DA:187,0
DA:189,0
DA:190,0
DA:191,0
DA:195,0
DA:196,0
DA:197,0
DA:198,0
DA:200,0
DA:204,0
DA:205,0
DA:206,0
DA:207,0
DA:208,0
LF:61
LH:0
BRDA:92,0,0,0
BRDA:92,0,1,0
BRDA:121,1,0,0
BRDA:121,1,1,0
BRDA:124,2,0,0
BRDA:124,2,1,0
BRDA:150,3,0,0
BRDA:150,3,1,0
BRDA:151,4,0,0
BRDA:151,4,1,0
BRDA:164,5,0,0
BRDA:164,5,1,0
BRDA:195,6,0,0
BRDA:195,6,1,0
BRDA:195,7,0,0
BRDA:195,7,1,0
BRDA:205,8,0,0
BRDA:205,8,1,0
BRDA:207,9,0,0
BRDA:207,9,1,0
BRDA:208,10,0,0
BRDA:208,10,1,0
BRF:22
BRH:0
end_of_record
TN:
SF:/Users/janswist/Developer/pristine/frontend/prizm/src/components/JobBuilderConfirmation.vue
FN:13,data
FN:19,submit
FNF:2
FNH:0
FNDA:0,data
FNDA:0,submit
DA:14,0
DA:20,0
LF:2
LH:0
BRF:0
BRH:0
end_of_record
TN:
SF:/Users/janswist/Developer/pristine/frontend/prizm/src/components/job-add.vue
FN:61,data
FN:76,keywordsChange
FN:79,addJob
FN:98,(anonymous_5)
FN:104,created
FN:106,(anonymous_7)
FN:111,(anonymous_8)
FN:115,(anonymous_9)
FN:120,(anonymous_10)
FNF:9
FNH:0
FNDA:0,data
FNDA:0,keywordsChange
FNDA:0,addJob
FNDA:0,(anonymous_5)
FNDA:0,created
FNDA:0,(anonymous_7)
FNDA:0,(anonymous_8)
FNDA:0,(anonymous_9)
FNDA:0,(anonymous_10)
DA:55,0
DA:56,0
DA:57,0
DA:62,0
DA:77,0
DA:80,0
DA:81,0
DA:84,0
DA:95,0
DA:96,0
DA:98,0
DA:99,0
DA:100,0
DA:106,0
DA:107,0
DA:108,0
DA:111,0
DA:112,0
DA:115,0
DA:116,0
DA:117,0
DA:120,0
DA:121,0
DA:124,0
LF:24
LH:0
BRDA:80,0,0,0
BRDA:80,0,1,0
BRF:2
BRH:0
end_of_record
TN:
SF:/Users/janswist/Developer/pristine/frontend/prizm/src/components/job-new-component.vue
FN:71,data
FN:88,beforeCreate
FN:91,(anonymous_3)
FN:97,enableInteractiveReferral
FN:122,mounted
FN:125,(anonymous_6)
FN:139,lineChartKw
FN:144,mounted
FNF:8
FNH:0
FNDA:0,data
FNDA:0,beforeCreate
FNDA:0,(anonymous_3)
FNDA:0,enableInteractiveReferral
FNDA:0,mounted
FNDA:0,(anonymous_6)
FNDA:0,lineChartKw
FNDA:0,mounted
DA:65,0
DA:67,0
DA:72,0
DA:88,0
DA:89,0
DA:90,0
DA:91,0
DA:92,0
DA:93,0
DA:98,0
DA:99,0
DA:100,0
DA:101,0
DA:102,0
DA:103,0
DA:104,0
DA:106,0
DA:107,0
DA:108,0
DA:109,0
DA:110,0
DA:112,0
DA:114,0
DA:115,0
DA:116,0
DA:117,0
DA:119,0
DA:122,0
DA:123,0
DA:124,0
DA:125,0
DA:126,0
DA:134,0
DA:140,0
DA:145,0
DA:146,0
LF:36
LH:0
BRDA:145,0,0,0
BRDA:145,0,1,0
BRF:2
BRH:0
end_of_record
TN:
SF:/Users/janswist/Developer/pristine/frontend/prizm/src/components/job.vue
FN:33,data
FN:39,enableInteractiveReferral
FN:60,showJob
FN:65,mounted
FN:66,(anonymous_6)
FNF:5
FNH:0
FNDA:0,data
FNDA:0,enableInteractiveReferral
FNDA:0,showJob
FNDA:0,mounted
FNDA:0,(anonymous_6)
DA:29,0
DA:30,0
DA:34,0
DA:40,0
DA:41,0
DA:42,0
DA:43,0
DA:44,0
DA:45,0
DA:47,0
DA:48,0
DA:49,0
DA:50,0
DA:51,0
DA:53,0
DA:54,0
DA:55,0
DA:56,0
DA:58,0
DA:61,0
DA:62,0
DA:65,0
DA:66,0
DA:67,0
DA:70,0
LF:25
LH:0
BRF:0
BRH:0
end_of_record
TN:
SF:/Users/janswist/Developer/pristine/frontend/prizm/src/components/keywords.vue
FN:30,data
FN:36,addKeyword
FN:42,dropKeyword
FN:49,pushToArray
FNF:4
FNH:0
FNDA:0,data
FNDA:0,addKeyword
FNDA:0,dropKeyword
FNDA:0,pushToArray
DA:31,0
DA:37,0
DA:38,0
DA:39,0
DA:40,0
DA:43,0
DA:44,0
DA:45,0
DA:46,0
DA:47,0
DA:50,0
DA:51,0
DA:52,0
LF:13
LH:0
BRF:0
BRH:0
end_of_record
TN:
SF:/Users/janswist/Developer/pristine/frontend/prizm/src/components/optin.vue
FN:153,data
FN:171,optinsignupandoptin
FN:172,(anonymous_3)
FN:193,optinloginandoptin
FN:194,(anonymous_5)
FN:214,optinandoptin
FN:215,(anonymous_7)
FN:234,myOpenFunc
FN:238,unsetModal
FN:257,beforeCreate
FN:259,(anonymous_11)
FN:265,mounted
FN:268,(anonymous_13)
FN:276,(anonymous_14)
FN:281,(anonymous_15)
FN:285,(anonymous_16)
FN:287,(anonymous_17)
FNF:17
FNH:0
FNDA:0,data
FNDA:0,optinsignupandoptin
FNDA:0,(anonymous_3)
FNDA:0,optinloginandoptin
FNDA:0,(anonymous_5)
FNDA:0,optinandoptin
FNDA:0,(anonymous_7)
FNDA:0,myOpenFunc
FNDA:0,unsetModal
FNDA:0,beforeCreate
FNDA:0,(anonymous_11)
FNDA:0,mounted
FNDA:0,(anonymous_13)
FNDA:0,(anonymous_14)
FNDA:0,(anonymous_15)
FNDA:0,(anonymous_16)
FNDA:0,(anonymous_17)
DA:154,0
DA:172,0
DA:188,0
DA:191,0
DA:194,0
DA:209,0
DA:212,0
DA:215,0
DA:228,0
DA:229,0
DA:232,0
DA:235,0
DA:236,0
DA:239,0
DA:241,0
DA:247,0
DA:248,0
DA:250,0
DA:251,0
DA:252,0
DA:254,0
DA:257,0
DA:258,0
DA:259,0
DA:260,0
DA:261,0
DA:262,0
DA:265,0
DA:266,0
DA:268,0
DA:269,0
DA:270,0
DA:271,0
DA:272,0
DA:273,0
DA:276,0
DA:277,0
DA:278,0
DA:281,0
DA:282,0
DA:285,0
DA:286,0
DA:287,0
DA:288,0
DA:294,0
LF:45
LH:0
BRF:0
BRH:0
end_of_record
TN:
SF:/Users/janswist/Developer/pristine/frontend/prizm/src/components/referral.vue
FN:45,monitorReferral
FNF:1
FNH:0
FNDA:0,monitorReferral
DA:46,0
DA:47,0
LF:2
LH:0
BRF:0
BRH:0
end_of_record
TN:
SF:/Users/janswist/Developer/pristine/frontend/prizm/src/components/review.vue
FN:119,beforeCreate
FN:120,(anonymous_2)
FN:125,data
FN:149,sending
FN:164,alertEmailEmpty
FN:170,processLinkedin
FN:175,optinsignupandoptin
FN:176,(anonymous_8)
FN:189,optinloginandoptin
FN:190,(anonymous_10)
FN:210,optinandoptin
FN:211,(anonymous_12)
FN:230,myOpenFunc
FN:234,unsetModal
FN:252,linkClass
FN:266,mounted
FN:267,(anonymous_17)
FNF:17
FNH:0
FNDA:0,beforeCreate
FNDA:0,(anonymous_2)
FNDA:0,data
FNDA:0,sending
FNDA:0,alertEmailEmpty
FNDA:0,processLinkedin
FNDA:0,optinsignupandoptin
FNDA:0,(anonymous_8)
FNDA:0,optinloginandoptin
FNDA:0,(anonymous_10)
FNDA:0,optinandoptin
FNDA:0,(anonymous_12)
FNDA:0,myOpenFunc
FNDA:0,unsetModal
FNDA:0,linkClass
FNDA:0,mounted
FNDA:0,(anonymous_17)
DA:111,0
DA:112,0
DA:113,0
DA:114,0
DA:115,0
DA:116,0
DA:119,0
DA:120,0
DA:121,0
DA:122,0
DA:126,0
DA:150,0
DA:151,0
DA:152,0
DA:155,0
DA:156,0
DA:165,0
DA:166,0
DA:167,0
DA:171,0
DA:172,0
DA:173,0
DA:176,0
DA:184,0
DA:187,0
DA:190,0
DA:205,0
DA:208,0
DA:211,0
DA:224,0
DA:225,0
DA:228,0
DA:231,0
DA:232,0
DA:235,0
DA:237,0
DA:243,0
DA:244,0
DA:246,0
DA:247,0
DA:248,0
DA:250,0
DA:253,0
DA:254,0
DA:256,0
DA:267,0
DA:268,0
DA:269,0
DA:272,0
DA:273,0
DA:278,0
LF:51
LH:0
BRDA:165,0,0,0
BRDA:165,0,1,0
BRDA:253,1,0,0
BRDA:253,1,1,0
BRF:4
BRH:0
end_of_record
TN:
SF:/Users/janswist/Developer/pristine/frontend/prizm/src/pages/JobBuilder.vue
FN:36,data
FN:69,currentTabComponent
FN:75,currentTab
FN:76,isNextTab
FN:77,isCompanyIdEmpty
FN:78,isProjectIdEmpty
FN:89,updateJob
FN:93,selectActive
FN:98,addJob
FN:101,(anonymous_11)
FNF:10
FNH:0
FNDA:0,data
FNDA:0,currentTabComponent
FNDA:0,currentTab
FNDA:0,isNextTab
FNDA:0,isCompanyIdEmpty
FNDA:0,isProjectIdEmpty
FNDA:0,updateJob
FNDA:0,selectActive
FNDA:0,addJob
FNDA:0,(anonymous_11)
DA:23,0
DA:24,0
DA:25,0
DA:26,0
DA:37,0
DA:70,0
DA:75,0
DA:76,0
DA:77,0
DA:78,0
DA:80,0
DA:82,0
DA:83,0
DA:90,0
DA:91,0
DA:94,0
DA:95,0
DA:96,0
DA:99,0
DA:101,0
DA:104,0
DA:105,0
LF:22
LH:0
BRDA:76,0,0,0
BRDA:76,0,1,0
BRDA:80,1,0,0
BRDA:80,1,1,0
BRDA:80,2,0,0
BRDA:80,2,1,0
BRDA:80,2,2,0
BRDA:80,2,3,0
BRF:8
BRH:0
end_of_record
TN:
SF:/Users/janswist/Developer/pristine/frontend/prizm/src/pages/JobDetails.vue
FN:42,data
FN:53,mounted
FN:61,mounted
FN:64,(anonymous_5)
FN:87,cogIcon
FN:92,data
FN:118,apply
FN:123,(anonymous_9)
FN:133,matchJobs
FN:137,(anonymous_11)
FNF:10
FNH:0
FNDA:0,data
FNDA:0,mounted
FNDA:0,mounted
FNDA:0,(anonymous_5)
FNDA:0,cogIcon
FNDA:0,data
FNDA:0,apply
FNDA:0,(anonymous_9)
FNDA:0,matchJobs
FNDA:0,(anonymous_11)
DA:24,0
DA:25,0
DA:33,0
DA:34,0
DA:38,0
DA:43,0
DA:54,0
DA:55,0
DA:61,0
DA:62,0
DA:63,0
DA:71,0
DA:72,0
DA:74,0
DA:75,0
DA:76,0
DA:89,0
DA:93,0
DA:119,0
DA:120,0
DA:121,0
DA:122,0
DA:123,0
DA:127,0
DA:128,0
DA:129,0
DA:130,0
DA:134,0
DA:135,0
DA:136,0
DA:137,0
DA:140,0
DA:141,0
LF:33
LH:0
BRDA:54,0,0,0
BRDA:54,0,1,0
BRF:2
BRH:0
end_of_record
TN:
SF:/Users/janswist/Developer/pristine/frontend/prizm/src/pages/JobListing.vue
FN:71,data
FN:82,created
FN:87,checkIcon
FN:90,crossIcon
FN:93,editIcon
FN:96,deleteIcon
FN:99,loadingIcon
FN:105,getJobs
FN:109,editJob
FN:113,deleteJob
FN:117,callBuilder
FN:118,(anonymous_13)
FN:121,handler
FN:140,switchWarningHighlight
FNF:14
FNH:6
FNDA:1,data
FNDA:1,created
FNDA:0,checkIcon
FNDA:0,crossIcon
FNDA:0,editIcon
FNDA:0,deleteIcon
FNDA:1,loadingIcon
FNDA:1,getJobs
FNDA:0,editJob
FNDA:0,deleteJob
FNDA:1,callBuilder
FNDA:1,(anonymous_13)
FNDA:0,handler
FNDA:0,switchWarningHighlight
DA:54,1
DA:55,1
DA:56,1
DA:63,1
DA:72,1
DA:83,1
DA:88,0
DA:91,0
DA:94,0
DA:97,0
DA:100,1
DA:106,1
DA:110,0
DA:114,0
DA:117,1
DA:118,1
DA:119,1
DA:121,1
DA:122,0
DA:123,0
DA:124,0
DA:125,0
DA:127,0
DA:141,0
LF:24
LH:12
BRDA:122,0,0,0
BRDA:122,0,1,0
BRDA:141,1,0,0
BRDA:141,1,1,0
BRF:4
BRH:0
end_of_record
TN:
SF:/Users/janswist/Developer/pristine/frontend/prizm/src/pages/ProfileBuilder.vue
FN:52,data
FN:63,mounted
FN:77,mounted
FN:80,(anonymous_5)
FN:92,profilekeywords
FN:101,(anonymous_7)
FN:113,(anonymous_8)
FN:114,(anonymous_9)
FN:121,cogIcon
FN:126,data
FN:143,populateWeights
FN:154,updateProfileKeywords
FN:163,saveProfile
FN:172,(anonymous_15)
FN:174,(anonymous_16)
FN:178,matchProfile
FN:183,(anonymous_18)
FN:185,(anonymous_19)
FN:186,(anonymous_20)
FN:190,openJobDetails
FNF:20
FNH:0
FNDA:0,data
FNDA:0,mounted
FNDA:0,mounted
FNDA:0,(anonymous_5)
FNDA:0,profilekeywords
FNDA:0,(anonymous_7)
FNDA:0,(anonymous_8)
FNDA:0,(anonymous_9)
FNDA:0,cogIcon
FNDA:0,data
FNDA:0,populateWeights
FNDA:0,updateProfileKeywords
FNDA:0,saveProfile
FNDA:0,(anonymous_15)
FNDA:0,(anonymous_16)
FNDA:0,matchProfile
FNDA:0,(anonymous_18)
FNDA:0,(anonymous_19)
FNDA:0,(anonymous_20)
FNDA:0,openJobDetails
DA:37,0
DA:38,0
DA:42,0
DA:43,0
DA:44,0
DA:48,0
DA:53,0
DA:64,0
DA:65,0
DA:77,0
DA:78,0
DA:80,0
DA:83,0
DA:84,0
DA:86,0
DA:92,0
DA:93,0
DA:95,0
DA:97,0
DA:101,0
DA:103,0
DA:111,0
DA:112,0
DA:114,0
DA:115,0
DA:122,0
DA:127,0
DA:144,0
DA:155,0
DA:156,0
DA:158,0
DA:159,0
DA:164,0
DA:166,0
DA:172,0
DA:174,0
DA:175,0
DA:178,0
DA:179,0
DA:183,0
DA:185,0
DA:186,0
DA:187,0
DA:191,0
LF:44
LH:0
BRDA:64,0,0,0
BRDA:64,0,1,0
BRDA:86,1,0,0
BRDA:86,1,1,0
BRDA:93,2,0,0
BRDA:93,2,1,0
BRDA:155,3,0,0
BRDA:155,3,1,0
BRF:8
BRH:0
end_of_record
TN:
SF:/Users/janswist/Developer/pristine/frontend/prizm/src/pages/SignIn.vue
FN:22,mounted
FN:25,data
FN:33,isAuthenticated
FN:38,login
FN:39,(anonymous_6)
FN:51,(anonymous_7)
FN:52,(anonymous_8)
FNF:7
FNH:0
FNDA:0,mounted
FNDA:0,data
FNDA:0,isAuthenticated
FNDA:0,login
FNDA:0,(anonymous_6)
FNDA:0,(anonymous_7)
FNDA:0,(anonymous_8)
DA:19,0
DA:23,0
DA:26,0
DA:34,0
DA:38,0
DA:39,0
DA:44,0
DA:45,0
DA:46,0
DA:47,0
DA:49,0
DA:52,0
DA:53,0
LF:13
LH:0
BRDA:46,0,0,0
BRDA:46,0,1,0
BRF:2
BRH:0
end_of_record
TN:
SF:/Users/janswist/Developer/pristine/frontend/prizm/src/pages/SignUp.vue
FN:22,data
FN:32,signUserUp
FN:46,(anonymous_4)
FN:71,(anonymous_5)
FNF:4
FNH:0
FNDA:0,data
FNDA:0,signUserUp
FNDA:0,(anonymous_4)
FNDA:0,(anonymous_5)
DA:19,0
DA:23,0
DA:32,0
DA:33,0
DA:39,0
DA:45,0
DA:60,0
DA:61,0
DA:62,0
DA:64,0
DA:72,0
LF:11
LH:0
BRDA:61,0,0,0
BRDA:61,0,1,0
BRF:2
BRH:0
end_of_record
